2021-05-10 14:03:23,304 INFO root MainThread : ---------------> Using Main Hive Chain
2021-05-10 14:03:24,912 INFO root MainThread : Started catching up
2021-05-10 14:03:29,540 INFO root MainThread : 2021-05-07 21:18:27+00:00 Podpings:   91 /      91- Count: 8653 - Time Delta: 2 days, 13:45:02.540411
2021-05-10 14:03:31,939 INFO root MainThread : 2021-05-07 21:33:30+00:00 Podpings:   75 /     166- Count: 8543 - Time Delta: 2 days, 13:30:01.939630
2021-05-10 14:03:34,718 INFO root MainThread : 2021-05-07 21:48:33+00:00 Podpings:   77 /     243- Count: 8324 - Time Delta: 2 days, 13:15:01.718347
2021-05-10 14:03:37,662 INFO root MainThread : 2021-05-07 22:03:36+00:00 Podpings:   76 /     319- Count: 8948 - Time Delta: 2 days, 13:00:01.662022
2021-05-10 14:03:40,416 INFO root MainThread : 2021-05-07 22:18:39+00:00 Podpings:  109 /     428- Count: 8836 - Time Delta: 2 days, 12:45:01.416917
2021-05-10 14:03:43,065 INFO root MainThread : 2021-05-07 22:33:42+00:00 Podpings:   66 /     494- Count: 8676 - Time Delta: 2 days, 12:30:01.065598
2021-05-10 14:03:46,071 INFO root MainThread : 2021-05-07 22:48:45+00:00 Podpings:   94 /     588- Count: 8817 - Time Delta: 2 days, 12:15:01.071258
2021-05-10 14:03:49,092 INFO root MainThread : 2021-05-07 23:03:48+00:00 Podpings:   58 /     646- Count: 8715 - Time Delta: 2 days, 12:00:01.092798
2021-05-10 14:03:52,175 INFO root MainThread : 2021-05-07 23:18:51+00:00 Podpings:   49 /     695- Count: 8276 - Time Delta: 2 days, 11:45:01.175767
2021-05-10 14:03:54,910 INFO root MainThread : 2021-05-07 23:33:54+00:00 Podpings:  106 /     801- Count: 8488 - Time Delta: 2 days, 11:30:00.910570
2021-05-10 14:03:57,975 INFO root MainThread : 2021-05-07 23:48:57+00:00 Podpings:   78 /     879- Count: 8560 - Time Delta: 2 days, 11:15:00.975287
2021-05-10 14:04:00,864 INFO root MainThread : 2021-05-08 00:04:00+00:00 Podpings:   81 /     960- Count: 8599 - Time Delta: 2 days, 11:00:00.864096
2021-05-10 14:04:04,147 INFO root MainThread : 2021-05-08 00:19:03+00:00 Podpings:   63 /   1,023- Count: 8606 - Time Delta: 2 days, 10:45:01.147417
2021-05-10 14:04:08,956 INFO root MainThread : 2021-05-08 00:34:06+00:00 Podpings:   62 /   1,085- Count: 8233 - Time Delta: 2 days, 10:30:02.956285
2021-05-10 14:04:14,212 INFO root MainThread : 2021-05-08 00:49:09+00:00 Podpings:   64 /   1,149- Count: 7508 - Time Delta: 2 days, 10:15:05.212667
2021-05-10 14:04:16,561 INFO root MainThread : 2021-05-08 01:04:12+00:00 Podpings:   93 /   1,242- Count: 7802 - Time Delta: 2 days, 10:00:04.561571
2021-05-10 14:04:19,099 INFO root MainThread : 2021-05-08 01:19:15+00:00 Podpings:   58 /   1,300- Count: 7278 - Time Delta: 2 days, 9:45:04.099400
2021-05-10 14:04:21,537 INFO root MainThread : 2021-05-08 01:34:18+00:00 Podpings:   54 /   1,354- Count: 7551 - Time Delta: 2 days, 9:30:03.537566
2021-05-10 14:04:23,647 INFO root MainThread : 2021-05-08 01:49:21+00:00 Podpings:   81 /   1,435- Count: 6131 - Time Delta: 2 days, 9:15:02.647853
2021-05-10 14:04:26,093 INFO root MainThread : 2021-05-08 02:04:24+00:00 Podpings:   50 /   1,485- Count: 6149 - Time Delta: 2 days, 9:00:02.093459
2021-05-10 14:04:28,439 INFO root MainThread : 2021-05-08 02:19:27+00:00 Podpings:   67 /   1,552- Count: 6372 - Time Delta: 2 days, 8:45:01.439644
2021-05-10 14:04:30,615 INFO root MainThread : 2021-05-08 02:34:33+00:00 Podpings:   45 /   1,597- Count: 6977 - Time Delta: 2 days, 8:29:57.615707
2021-05-10 14:04:32,793 INFO root MainThread : 2021-05-08 02:49:36+00:00 Podpings:   80 /   1,677- Count: 7231 - Time Delta: 2 days, 8:14:56.793508
2021-05-10 14:04:35,338 INFO root MainThread : 2021-05-08 03:04:39+00:00 Podpings:   56 /   1,733- Count: 7043 - Time Delta: 2 days, 7:59:56.338288
2021-05-10 14:04:37,236 INFO root MainThread : 2021-05-08 03:19:42+00:00 Podpings:   69 /   1,802- Count: 6400 - Time Delta: 2 days, 7:44:55.236132
2021-05-10 14:04:39,507 INFO root MainThread : 2021-05-08 03:34:45+00:00 Podpings:   53 /   1,855- Count: 7001 - Time Delta: 2 days, 7:29:54.507028
2021-05-10 14:04:41,621 INFO root MainThread : 2021-05-08 03:49:48+00:00 Podpings:   45 /   1,900- Count: 6722 - Time Delta: 2 days, 7:14:53.621180
2021-05-10 14:04:43,949 INFO root MainThread : 2021-05-08 04:04:51+00:00 Podpings:   49 /   1,949- Count: 6643 - Time Delta: 2 days, 6:59:52.949601
2021-05-10 14:04:48,735 INFO root MainThread : 2021-05-08 04:19:54+00:00 Podpings:   64 /   2,013- Count: 6791 - Time Delta: 2 days, 6:44:54.735172
2021-05-10 14:04:51,610 INFO root MainThread : 2021-05-08 04:34:57+00:00 Podpings:   55 /   2,068- Count: 6901 - Time Delta: 2 days, 6:29:54.610694
2021-05-10 14:04:54,259 INFO root MainThread : 2021-05-08 04:50:00+00:00 Podpings:   38 /   2,106- Count: 6794 - Time Delta: 2 days, 6:14:54.259530
2021-05-10 14:04:56,560 INFO root MainThread : 2021-05-08 05:05:03+00:00 Podpings:   46 /   2,152- Count: 5980 - Time Delta: 2 days, 5:59:53.560479
2021-05-10 14:04:59,096 INFO root MainThread : 2021-05-08 05:20:06+00:00 Podpings:   27 /   2,179- Count: 6410 - Time Delta: 2 days, 5:44:53.096692
2021-05-10 14:05:01,711 INFO root MainThread : 2021-05-08 05:35:09+00:00 Podpings:   44 /   2,223- Count: 6684 - Time Delta: 2 days, 5:29:52.711121
2021-05-10 14:05:03,954 INFO root MainThread : 2021-05-08 05:50:12+00:00 Podpings:   34 /   2,257- Count: 6724 - Time Delta: 2 days, 5:14:51.954644
2021-05-10 14:05:06,577 INFO root MainThread : 2021-05-08 06:05:15+00:00 Podpings:   63 /   2,320- Count: 6513 - Time Delta: 2 days, 4:59:51.577046
2021-05-10 14:05:08,967 INFO root MainThread : 2021-05-08 06:20:18+00:00 Podpings:   37 /   2,357- Count: 6881 - Time Delta: 2 days, 4:44:50.967347
2021-05-10 14:05:11,330 INFO root MainThread : 2021-05-08 06:35:21+00:00 Podpings:   25 /   2,382- Count: 6653 - Time Delta: 2 days, 4:29:50.330156
2021-05-10 14:05:13,516 INFO root MainThread : 2021-05-08 06:50:24+00:00 Podpings:   30 /   2,412- Count: 6520 - Time Delta: 2 days, 4:14:49.516267
2021-05-10 14:05:16,378 INFO root MainThread : 2021-05-08 07:05:27+00:00 Podpings:   39 /   2,451- Count: 6782 - Time Delta: 2 days, 3:59:49.378571
2021-05-10 14:05:19,375 INFO root MainThread : 2021-05-08 07:20:30+00:00 Podpings:   29 /   2,480- Count: 6544 - Time Delta: 2 days, 3:44:49.375243
2021-05-10 14:05:22,661 INFO root MainThread : 2021-05-08 07:35:33+00:00 Podpings:   30 /   2,510- Count: 7196 - Time Delta: 2 days, 3:29:49.661711
2021-05-10 14:05:26,235 INFO root MainThread : 2021-05-08 07:50:36+00:00 Podpings:   57 /   2,567- Count: 7019 - Time Delta: 2 days, 3:14:50.235716
2021-05-10 14:05:29,081 INFO root MainThread : 2021-05-08 08:05:39+00:00 Podpings:   18 /   2,585- Count: 6646 - Time Delta: 2 days, 2:59:50.081042
2021-05-10 14:05:31,138 INFO root MainThread : 2021-05-08 08:20:42+00:00 Podpings:   40 /   2,625- Count: 6729 - Time Delta: 2 days, 2:44:49.138160
2021-05-10 14:05:33,600 INFO root MainThread : 2021-05-08 08:35:45+00:00 Podpings:   30 /   2,655- Count: 6623 - Time Delta: 2 days, 2:29:48.600775
2021-05-10 14:05:35,775 INFO root MainThread : 2021-05-08 08:50:48+00:00 Podpings:   29 /   2,684- Count: 6484 - Time Delta: 2 days, 2:14:47.775092
2021-05-10 14:05:38,302 INFO root MainThread : 2021-05-08 09:05:51+00:00 Podpings:   43 /   2,727- Count: 6506 - Time Delta: 2 days, 1:59:47.302122
2021-05-10 14:05:40,607 INFO root MainThread : 2021-05-08 09:20:54+00:00 Podpings:   34 /   2,761- Count: 6779 - Time Delta: 2 days, 1:44:46.607626
2021-05-10 14:05:42,937 INFO root MainThread : 2021-05-08 09:35:57+00:00 Podpings:   51 /   2,812- Count: 6477 - Time Delta: 2 days, 1:29:45.937000
2021-05-10 14:05:45,826 INFO root MainThread : 2021-05-08 09:51:00+00:00 Podpings:   38 /   2,850- Count: 6911 - Time Delta: 2 days, 1:14:45.826881
2021-05-10 14:05:48,122 INFO root MainThread : 2021-05-08 10:06:03+00:00 Podpings:   48 /   2,898- Count: 6497 - Time Delta: 2 days, 0:59:45.122182
2021-05-10 14:05:50,421 INFO root MainThread : 2021-05-08 10:21:06+00:00 Podpings:   41 /   2,939- Count: 6349 - Time Delta: 2 days, 0:44:44.421115
2021-05-10 14:05:54,183 INFO root MainThread : 2021-05-08 10:36:09+00:00 Podpings:   33 /   2,972- Count: 6492 - Time Delta: 2 days, 0:29:45.183042
2021-05-10 14:05:56,927 INFO root MainThread : 2021-05-08 10:51:12+00:00 Podpings:   21 /   2,993- Count: 7247 - Time Delta: 2 days, 0:14:44.927882
2021-05-10 14:05:59,577 INFO root MainThread : 2021-05-08 11:06:15+00:00 Podpings:   25 /   3,018- Count: 8002 - Time Delta: 1 day, 23:59:44.577501
2021-05-10 14:06:02,337 INFO root MainThread : 2021-05-08 11:21:18+00:00 Podpings:   56 /   3,074- Count: 8267 - Time Delta: 1 day, 23:44:44.337897
2021-05-10 14:06:04,895 INFO root MainThread : 2021-05-08 11:36:21+00:00 Podpings:   41 /   3,115- Count: 8301 - Time Delta: 1 day, 23:29:43.895136
2021-05-10 14:06:07,600 INFO root MainThread : 2021-05-08 11:51:24+00:00 Podpings:   27 /   3,142- Count: 8684 - Time Delta: 1 day, 23:14:43.600212
2021-05-10 14:06:11,114 INFO root MainThread : 2021-05-08 12:06:27+00:00 Podpings:   50 /   3,192- Count: 8670 - Time Delta: 1 day, 22:59:44.114702
2021-05-10 14:06:14,244 INFO root MainThread : 2021-05-08 12:21:30+00:00 Podpings:   29 /   3,221- Count: 8775 - Time Delta: 1 day, 22:44:44.244167
2021-05-10 14:06:17,346 INFO root MainThread : 2021-05-08 12:36:33+00:00 Podpings:   36 /   3,257- Count: 8445 - Time Delta: 1 day, 22:29:44.346365
2021-05-10 14:06:20,219 INFO root MainThread : 2021-05-08 12:51:36+00:00 Podpings:   34 /   3,291- Count: 8452 - Time Delta: 1 day, 22:14:44.219331
2021-05-10 14:06:23,714 INFO root MainThread : 2021-05-08 13:06:39+00:00 Podpings:   68 /   3,359- Count: 8792 - Time Delta: 1 day, 21:59:44.714904
2021-05-10 14:06:26,386 INFO root MainThread : 2021-05-08 13:21:42+00:00 Podpings:   71 /   3,430- Count: 6930 - Time Delta: 1 day, 21:44:44.386382
2021-05-10 14:06:28,898 INFO root MainThread : 2021-05-08 13:36:45+00:00 Podpings:   59 /   3,489- Count: 6855 - Time Delta: 1 day, 21:29:43.898644
2021-05-10 14:06:31,362 INFO root MainThread : 2021-05-08 13:51:48+00:00 Podpings:   53 /   3,542- Count: 6333 - Time Delta: 1 day, 21:14:43.362700
2021-05-10 14:06:33,502 INFO root MainThread : 2021-05-08 14:06:51+00:00 Podpings:   47 /   3,589- Count: 7171 - Time Delta: 1 day, 20:59:42.502408
2021-05-10 14:06:36,071 INFO root MainThread : 2021-05-08 14:21:54+00:00 Podpings:   48 /   3,637- Count: 7604 - Time Delta: 1 day, 20:44:42.071501
2021-05-10 14:06:39,173 INFO root MainThread : 2021-05-08 14:36:57+00:00 Podpings:   49 /   3,686- Count: 7757 - Time Delta: 1 day, 20:29:42.173199
2021-05-10 14:06:41,828 INFO root MainThread : 2021-05-08 14:52:00+00:00 Podpings:   63 /   3,749- Count: 8182 - Time Delta: 1 day, 20:14:41.827968
2021-05-10 14:06:45,447 INFO root MainThread : 2021-05-08 15:07:03+00:00 Podpings:   39 /   3,788- Count: 8733 - Time Delta: 1 day, 19:59:42.447670