2021-05-18T15:19:22+0300 - INFO root MainThread : -  2021-05-18 12:18:42+00:00 - Podpings:       4 / 567 - Count: 572 - BlockNum: 53997049
2021-05-18T15:19:50+0300 - INFO root MainThread : -  2021-05-18 12:19:45+00:00 - Podpings:       5 / 572 - Count: 557 - BlockNum: 53997058
2021-05-18T15:20:51+0300 - INFO root MainThread : -  2021-05-18 12:20:48+00:00 - Podpings:       6 / 578 - Count: 653 - BlockNum: 53997078
2021-05-18T15:21:54+0300 - INFO root MainThread : -  2021-05-18 12:21:51+00:00 - Podpings:       9 / 587 - Count: 584 - BlockNum: 53997100
2021-05-18T15:22:55+0300 - INFO root MainThread : -  2021-05-18 12:22:54+00:00 - Podpings:       4 / 591 - Count: 590 - BlockNum: 53997120
2021-05-18T15:23:58+0300 - INFO root MainThread : -  2021-05-18 12:23:57+00:00 - Podpings:       6 / 597 - Count: 628 - BlockNum: 53997141
2021-05-18T15:25:02+0300 - INFO root MainThread : -  2021-05-18 12:25:00+00:00 - Podpings:       9 / 606 - Count: 605 - BlockNum: 53997162
2021-05-18T15:26:08+0300 - INFO root MainThread : -  2021-05-18 12:26:03+00:00 - Podpings:       0 / 606 - Count: 608 - BlockNum: 53997185
2021-05-18T15:27:08+0300 - INFO root MainThread : -  2021-05-18 12:27:06+00:00 - Podpings:       3 / 609 - Count: 611 - BlockNum: 53997204
2021-05-18T15:28:12+0300 - INFO root MainThread : -  2021-05-18 12:28:09+00:00 - Podpings:      18 / 627 - Count: 618 - BlockNum: 53997225
2021-05-18T15:29:15+0300 - INFO root MainThread : -  2021-05-18 12:29:12+00:00 - Podpings:       7 / 634 - Count: 642 - BlockNum: 53997247
2021-05-18T15:30:19+0300 - INFO root MainThread : -  2021-05-18 12:30:15+00:00 - Podpings:      10 / 644 - Count: 666 - BlockNum: 53997267
2021-05-18T15:31:22+0300 - INFO root MainThread : -  2021-05-18 12:31:18+00:00 - Podpings:      10 / 654 - Count: 704 - BlockNum: 53997288
2021-05-18T15:32:23+0300 - INFO root MainThread : -  2021-05-18 12:32:21+00:00 - Podpings:       9 / 663 - Count: 667 - BlockNum: 53997309
2021-05-18T15:33:26+0300 - INFO root MainThread : -  2021-05-18 12:33:24+00:00 - Podpings:      11 / 674 - Count: 666 - BlockNum: 53997330
2021-05-18T15:34:33+0300 - INFO root MainThread : -  2021-05-18 12:34:27+00:00 - Podpings:       5 / 679 - Count: 660 - BlockNum: 53997352
2021-05-18T15:35:35+0300 - INFO root MainThread : -  2021-05-18 12:35:30+00:00 - Podpings:       8 / 687 - Count: 630 - BlockNum: 53997373
2021-05-18T16:06:24+0300 - WARNING beemapi.node MainThread : -  Error: ('Connection aborted.', OSError(50, 'Network is down'))
2021-05-18T16:06:24+0300 - WARNING beemapi.node MainThread : -  Lost connection or internal error on node: https://api.hivekings.com (1/100)

2021-05-18T16:06:29+0300 - INFO root MainThread : -  2021-05-18 12:36:33+00:00 - Podpings:      14 / 701 - Count: 625 - BlockNum: 53997991
2021-05-18T16:06:33+0300 - INFO root MainThread : -  2021-05-18 12:37:36+00:00 - Podpings:       7 / 708 - Count: 625 - BlockNum: 53997992
2021-05-18T16:06:37+0300 - INFO root MainThread : -  2021-05-18 12:38:39+00:00 - Podpings:       9 / 717 - Count: 622 - BlockNum: 53997994
2021-05-18T16:06:41+0300 - INFO root MainThread : -  2021-05-18 12:39:42+00:00 - Podpings:       6 / 723 - Count: 582 - BlockNum: 53997995
2021-05-18T16:06:44+0300 - INFO root MainThread : -  2021-05-18 12:40:45+00:00 - Podpings:      10 / 733 - Count: 676 - BlockNum: 53997996
2021-05-18T16:06:48+0300 - INFO root MainThread : -  2021-05-18 12:41:48+00:00 - Podpings:       4 / 737 - Count: 692 - BlockNum: 53997997
2021-05-18T16:06:49+0300 - WARNING beemapi.node MainThread : -  Error: Service Temporarily Unavailable
2021-05-18T16:06:49+0300 - WARNING beemapi.node MainThread : -  Retry RPC Call on node: https://api.openhive.network (1/5)

2021-05-18T16:06:49+0300 - WARNING beemapi.node MainThread : -  Retrying in 0 seconds

2021-05-18T16:06:50+0300 - WARNING beemapi.node MainThread : -  Error: Service Temporarily Unavailable
2021-05-18T16:06:50+0300 - WARNING beemapi.node MainThread : -  Retry RPC Call on node: https://api.openhive.network (1/5)

2021-05-18T16:06:50+0300 - WARNING beemapi.node MainThread : -  Retrying in 0 seconds

2021-05-18T16:06:51+0300 - WARNING beemapi.node MainThread : -  Error: Service Temporarily Unavailable
2021-05-18T16:06:51+0300 - WARNING beemapi.node MainThread : -  Retry RPC Call on node: https://api.openhive.network (1/5)

2021-05-18T16:06:51+0300 - WARNING beemapi.node MainThread : -  Retrying in 0 seconds

2021-05-18T16:06:53+0300 - WARNING beemapi.node MainThread : -  Error: Service Temporarily Unavailable
2021-05-18T16:06:53+0300 - WARNING beemapi.node MainThread : -  Retry RPC Call on node: https://api.openhive.network (1/5)

2021-05-18T16:06:53+0300 - WARNING beemapi.node MainThread : -  Retrying in 0 seconds

2021-05-18T16:06:54+0300 - INFO root MainThread : -  2021-05-18 12:42:51+00:00 - Podpings:       4 / 741 - Count: 624 - BlockNum: 53998000
2021-05-18T16:06:55+0300 - WARNING beemapi.node MainThread : -  Error: Service Temporarily Unavailable
2021-05-18T16:06:55+0300 - WARNING beemapi.node MainThread : -  Retry RPC Call on node: https://api.openhive.network (1/5)

2021-05-18T16:06:55+0300 - WARNING beemapi.node MainThread : -  Retrying in 0 seconds

2021-05-18T16:06:56+0300 - WARNING beemapi.node MainThread : -  Error: Service Temporarily Unavailable
2021-05-18T16:06:56+0300 - WARNING beemapi.node MainThread : -  Retry RPC Call on node: https://api.openhive.network (1/5)

2021-05-18T16:06:56+0300 - WARNING beemapi.node MainThread : -  Retrying in 0 seconds

2021-05-18T16:06:57+0300 - WARNING beemapi.node MainThread : -  Error: Service Temporarily Unavailable
2021-05-18T16:06:57+0300 - WARNING beemapi.node MainThread : -  Retry RPC Call on node: https://api.openhive.network (1/5)

2021-05-18T16:06:57+0300 - WARNING beemapi.node MainThread : -  Retrying in 0 seconds

2021-05-18T16:06:59+0300 - WARNING beemapi.node MainThread : -  Error: Service Temporarily Unavailable
2021-05-18T16:06:59+0300 - WARNING beemapi.node MainThread : -  Retry RPC Call on node: https://api.openhive.network (1/5)

2021-05-18T16:06:59+0300 - WARNING beemapi.node MainThread : -  Retrying in 0 seconds

2021-05-18T16:07:00+0300 - WARNING beemapi.node MainThread : -  Error: Service Temporarily Unavailable
2021-05-18T16:07:00+0300 - WARNING beemapi.node MainThread : -  Retry RPC Call on node: https://api.openhive.network (1/5)

2021-05-18T16:07:00+0300 - WARNING beemapi.node MainThread : -  Retrying in 0 seconds

2021-05-18T16:07:01+0300 - INFO root MainThread : -  2021-05-18 12:43:54+00:00 - Podpings:       8 / 749 - Count: 602 - BlockNum: 53998002
2021-05-18T16:07:02+0300 - WARNING beemapi.node MainThread : -  Error: Service Temporarily Unavailable
2021-05-18T16:07:02+0300 - WARNING beemapi.node MainThread : -  Retry RPC Call on node: https://api.openhive.network (1/5)

2021-05-18T16:07:02+0300 - WARNING beemapi.node MainThread : -  Retrying in 0 seconds

2021-05-18T16:07:03+0300 - WARNING beemapi.node MainThread : -  Error: Service Temporarily Unavailable
2021-05-18T16:07:03+0300 - WARNING beemapi.node MainThread : -  Retry RPC Call on node: https://api.openhive.network (1/5)

2021-05-18T16:07:03+0300 - WARNING beemapi.node MainThread : -  Retrying in 0 seconds

2021-05-18T16:07:05+0300 - WARNING beemapi.node MainThread : -  Error: Service Temporarily Unavailable
2021-05-18T16:07:05+0300 - WARNING beemapi.node MainThread : -  Retry RPC Call on node: https://api.openhive.network (1/5)

2021-05-18T16:07:05+0300 - WARNING beemapi.node MainThread : -  Retrying in 0 seconds

2021-05-18T16:07:06+0300 - WARNING beemapi.node MainThread : -  Error: Service Temporarily Unavailable
2021-05-18T16:07:06+0300 - WARNING beemapi.node MainThread : -  Retry RPC Call on node: https://api.openhive.network (1/5)

2021-05-18T16:07:06+0300 - WARNING beemapi.node MainThread : -  Retrying in 0 seconds

2021-05-18T16:07:07+0300 - INFO root MainThread : -  2021-05-18 12:44:57+00:00 - Podpings:       6 / 755 - Count: 654 - BlockNum: 53998004
2021-05-18T16:07:08+0300 - WARNING beemapi.node MainThread : -  Error: Service Temporarily Unavailable
2021-05-18T16:07:08+0300 - WARNING beemapi.node MainThread : -  Retry RPC Call on node: https://api.openhive.network (1/5)

2021-05-18T16:07:08+0300 - WARNING beemapi.node MainThread : -  Retrying in 0 seconds

2021-05-18T16:07:09+0300 - WARNING beemapi.node MainThread : -  Error: Service Temporarily Unavailable
2021-05-18T16:07:09+0300 - WARNING beemapi.node MainThread : -  Retry RPC Call on node: https://api.openhive.network (1/5)

2021-05-18T16:07:09+0300 - WARNING beemapi.node MainThread : -  Retrying in 0 seconds

2021-05-18T16:07:11+0300 - WARNING beemapi.node MainThread : -  Error: Service Temporarily Unavailable
2021-05-18T16:07:11+0300 - WARNING beemapi.node MainThread : -  Retry RPC Call on node: https://api.openhive.network (1/5)

2021-05-18T16:07:11+0300 - WARNING beemapi.node MainThread : -  Retrying in 0 seconds

2021-05-18T16:07:12+0300 - WARNING beemapi.node MainThread : -  Error: Service Temporarily Unavailable
2021-05-18T16:07:12+0300 - WARNING beemapi.node MainThread : -  Retry RPC Call on node: https://api.openhive.network (1/5)

2021-05-18T16:07:12+0300 - WARNING beemapi.node MainThread : -  Retrying in 0 seconds

2021-05-18T16:07:14+0300 - WARNING beemapi.node MainThread : -  Error: Service Temporarily Unavailable
2021-05-18T16:07:14+0300 - WARNING beemapi.node MainThread : -  Retry RPC Call on node: https://api.openhive.network (1/5)

2021-05-18T16:07:14+0300 - WARNING beemapi.node MainThread : -  Retrying in 0 seconds

2021-05-18T16:07:14+0300 - INFO root MainThread : -  2021-05-18 12:46:00+00:00 - Podpings:       4 / 759 - Count: 669 - BlockNum: 53998006
2021-05-18T16:07:15+0300 - WARNING beemapi.node MainThread : -  Error: Service Temporarily Unavailable
2021-05-18T16:07:15+0300 - WARNING beemapi.node MainThread : -  Retry RPC Call on node: https://api.openhive.network (1/5)

2021-05-18T16:07:15+0300 - WARNING beemapi.node MainThread : -  Retrying in 0 seconds

2021-05-18T16:07:16+0300 - WARNING beemapi.node MainThread : -  Error: Service Temporarily Unavailable
2021-05-18T16:07:16+0300 - WARNING beemapi.node MainThread : -  Retry RPC Call on node: https://api.openhive.network (1/5)

2021-05-18T16:07:16+0300 - WARNING beemapi.node MainThread : -  Retrying in 0 seconds

2021-05-18T16:07:18+0300 - WARNING beemapi.node MainThread : -  Error: Service Temporarily Unavailable
2021-05-18T16:07:18+0300 - WARNING beemapi.node MainThread : -  Retry RPC Call on node: https://api.openhive.network (1/5)

2021-05-18T16:07:18+0300 - WARNING beemapi.node MainThread : -  Retrying in 0 seconds

2021-05-18T16:07:19+0300 - WARNING beemapi.node MainThread : -  Error: Service Temporarily Unavailable
2021-05-18T16:07:19+0300 - WARNING beemapi.node MainThread : -  Retry RPC Call on node: https://api.openhive.network (1/5)

2021-05-18T16:07:19+0300 - WARNING beemapi.node MainThread : -  Retrying in 0 seconds

2021-05-18T16:07:20+0300 - WARNING beemapi.node MainThread : -  Error: Service Temporarily Unavailable
2021-05-18T16:07:20+0300 - WARNING beemapi.node MainThread : -  Retry RPC Call on node: https://api.openhive.network (1/5)

2021-05-18T16:07:20+0300 - WARNING beemapi.node MainThread : -  Retrying in 0 seconds

2021-05-18T16:07:21+0300 - INFO root MainThread : -  2021-05-18 12:47:03+00:00 - Podpings:       3 / 762 - Count: 606 - BlockNum: 53998008
2021-05-18T16:07:22+0300 - WARNING beemapi.node MainThread : -  Error: Service Temporarily Unavailable
2021-05-18T16:07:22+0300 - WARNING beemapi.node MainThread : -  Retry RPC Call on node: https://api.openhive.network (1/5)

2021-05-18T16:07:22+0300 - WARNING beemapi.node MainThread : -  Retrying in 0 seconds

2021-05-18T16:07:23+0300 - WARNING beemapi.node MainThread : -  Error: Service Temporarily Unavailable
2021-05-18T16:07:23+0300 - WARNING beemapi.node MainThread : -  Retry RPC Call on node: https://api.openhive.network (1/5)

2021-05-18T16:07:23+0300 - WARNING beemapi.node MainThread : -  Retrying in 0 seconds

2021-05-18T16:07:25+0300 - WARNING beemapi.node MainThread : -  Error: Service Temporarily Unavailable
2021-05-18T16:07:25+0300 - WARNING beemapi.node MainThread : -  Retry RPC Call on node: https://api.openhive.network (1/5)

2021-05-18T16:07:25+0300 - WARNING beemapi.node MainThread : -  Retrying in 0 seconds

2021-05-18T16:07:26+0300 - WARNING beemapi.node MainThread : -  Error: Service Temporarily Unavailable
2021-05-18T16:07:26+0300 - WARNING beemapi.node MainThread : -  Retry RPC Call on node: https://api.openhive.network (1/5)

2021-05-18T16:07:26+0300 - WARNING beemapi.node MainThread : -  Retrying in 0 seconds

2021-05-18T16:07:27+0300 - INFO root MainThread : -  2021-05-18 12:48:06+00:00 - Podpings:       4 / 766 - Count: 638 - BlockNum: 53998011
2021-05-18T16:07:27+0300 - WARNING beemapi.node MainThread : -  Error: Service Temporarily Unavailable
2021-05-18T16:07:27+0300 - WARNING beemapi.node MainThread : -  Retry RPC Call on node: https://api.openhive.network (1/5)

2021-05-18T16:07:27+0300 - WARNING beemapi.node MainThread : -  Retrying in 0 seconds

2021-05-18T16:07:29+0300 - WARNING beemapi.node MainThread : -  Error: Service Temporarily Unavailable
2021-05-18T16:07:29+0300 - WARNING beemapi.node MainThread : -  Retry RPC Call on node: https://api.openhive.network (1/5)

2021-05-18T16:07:29+0300 - WARNING beemapi.node MainThread : -  Retrying in 0 seconds

2021-05-18T16:07:30+0300 - WARNING beemapi.node MainThread : -  Error: Service Temporarily Unavailable
2021-05-18T16:07:30+0300 - WARNING beemapi.node MainThread : -  Retry RPC Call on node: https://api.openhive.network (1/5)

2021-05-18T16:07:30+0300 - WARNING beemapi.node MainThread : -  Retrying in 0 seconds

2021-05-18T16:07:32+0300 - WARNING beemapi.node MainThread : -  Error: Service Temporarily Unavailable
2021-05-18T16:07:32+0300 - WARNING beemapi.node MainThread : -  Retry RPC Call on node: https://api.openhive.network (1/5)

2021-05-18T16:07:32+0300 - WARNING beemapi.node MainThread : -  Retrying in 0 seconds

2021-05-18T16:07:33+0300 - WARNING beemapi.node MainThread : -  Error: Service Temporarily Unavailable
2021-05-18T16:07:33+0300 - WARNING beemapi.node MainThread : -  Retry RPC Call on node: https://api.openhive.network (1/5)

2021-05-18T16:07:33+0300 - WARNING beemapi.node MainThread : -  Retrying in 0 seconds

2021-05-18T16:07:34+0300 - INFO root MainThread : -  2021-05-18 12:49:09+00:00 - Podpings:      10 / 776 - Count: 585 - BlockNum: 53998013
2021-05-18T16:07:35+0300 - WARNING beemapi.node MainThread : -  Error: Service Temporarily Unavailable
2021-05-18T16:07:35+0300 - WARNING beemapi.node MainThread : -  Retry RPC Call on node: https://api.openhive.network (1/5)

2021-05-18T16:07:35+0300 - WARNING beemapi.node MainThread : -  Retrying in 0 seconds

2021-05-18T16:07:36+0300 - WARNING beemapi.node MainThread : -  Error: Service Temporarily Unavailable
2021-05-18T16:07:36+0300 - WARNING beemapi.node MainThread : -  Retry RPC Call on node: https://api.openhive.network (1/5)

2021-05-18T16:07:36+0300 - WARNING beemapi.node MainThread : -  Retrying in 0 seconds

2021-05-18T16:07:38+0300 - WARNING beemapi.node MainThread : -  Error: Service Temporarily Unavailable
2021-05-18T16:07:38+0300 - WARNING beemapi.node MainThread : -  Retry RPC Call on node: https://api.openhive.network (1/5)

2021-05-18T16:07:38+0300 - WARNING beemapi.node MainThread : -  Retrying in 0 seconds

2021-05-18T16:07:39+0300 - WARNING beemapi.node MainThread : -  Error: Service Temporarily Unavailable
2021-05-18T16:07:39+0300 - WARNING beemapi.node MainThread : -  Retry RPC Call on node: https://api.openhive.network (1/5)

2021-05-18T16:07:39+0300 - WARNING beemapi.node MainThread : -  Retrying in 0 seconds

2021-05-18T16:07:41+0300 - INFO root MainThread : -  2021-05-18 12:50:12+00:00 - Podpings:       6 / 782 - Count: 628 - BlockNum: 53998015
2021-05-18T16:07:41+0300 - WARNING beemapi.node MainThread : -  Error: Service Temporarily Unavailable
2021-05-18T16:07:41+0300 - WARNING beemapi.node MainThread : -  Retry RPC Call on node: https://api.openhive.network (1/5)

2021-05-18T16:07:41+0300 - WARNING beemapi.node MainThread : -  Retrying in 0 seconds

2021-05-18T16:07:42+0300 - WARNING beemapi.node MainThread : -  Error: Service Temporarily Unavailable
2021-05-18T16:07:42+0300 - WARNING beemapi.node MainThread : -  Retry RPC Call on node: https://api.openhive.network (1/5)

2021-05-18T16:07:42+0300 - WARNING beemapi.node MainThread : -  Retrying in 0 seconds

2021-05-18T16:07:44+0300 - WARNING beemapi.node MainThread : -  Error: Service Temporarily Unavailable
2021-05-18T16:07:44+0300 - WARNING beemapi.node MainThread : -  Retry RPC Call on node: https://api.openhive.network (1/5)

2021-05-18T16:07:44+0300 - WARNING beemapi.node MainThread : -  Retrying in 0 seconds

2021-05-18T16:07:45+0300 - WARNING beemapi.node MainThread : -  Error: Service Temporarily Unavailable
2021-05-18T16:07:45+0300 - WARNING beemapi.node MainThread : -  Retry RPC Call on node: https://api.openhive.network (1/5)

2021-05-18T16:07:45+0300 - WARNING beemapi.node MainThread : -  Retrying in 0 seconds

2021-05-18T16:07:46+0300 - WARNING beemapi.node MainThread : -  Error: Service Temporarily Unavailable
2021-05-18T16:07:46+0300 - WARNING beemapi.node MainThread : -  Retry RPC Call on node: https://api.openhive.network (1/5)

2021-05-18T16:07:46+0300 - WARNING beemapi.node MainThread : -  Retrying in 0 seconds

2021-05-18T16:07:47+0300 - INFO root MainThread : -  2021-05-18 12:51:15+00:00 - Podpings:       8 / 790 - Count: 603 - BlockNum: 53998017
2021-05-18T16:07:48+0300 - WARNING beemapi.node MainThread : -  Error: Service Temporarily Unavailable
2021-05-18T16:07:48+0300 - WARNING beemapi.node MainThread : -  Retry RPC Call on node: https://api.openhive.network (1/5)

2021-05-18T16:07:48+0300 - WARNING beemapi.node MainThread : -  Retrying in 0 seconds

2021-05-18T16:07:49+0300 - WARNING beemapi.node MainThread : -  Error: Service Temporarily Unavailable
2021-05-18T16:07:49+0300 - WARNING beemapi.node MainThread : -  Retry RPC Call on node: https://api.openhive.network (1/5)

2021-05-18T16:07:49+0300 - WARNING beemapi.node MainThread : -  Retrying in 0 seconds

2021-05-18T16:07:51+0300 - WARNING beemapi.node MainThread : -  Error: Service Temporarily Unavailable
2021-05-18T16:07:51+0300 - WARNING beemapi.node MainThread : -  Retry RPC Call on node: https://api.openhive.network (1/5)

2021-05-18T16:07:51+0300 - WARNING beemapi.node MainThread : -  Retrying in 0 seconds

2021-05-18T16:07:52+0300 - WARNING beemapi.node MainThread : -  Error: Service Temporarily Unavailable
2021-05-18T16:07:52+0300 - WARNING beemapi.node MainThread : -  Retry RPC Call on node: https://api.openhive.network (1/5)

2021-05-18T16:07:52+0300 - WARNING beemapi.node MainThread : -  Retrying in 0 seconds

2021-05-18T16:07:54+0300 - INFO root MainThread : -  2021-05-18 12:52:18+00:00 - Podpings:      10 / 800 - Count: 568 - BlockNum: 53998019
2021-05-18T16:07:54+0300 - WARNING beemapi.node MainThread : -  Error: Service Temporarily Unavailable
2021-05-18T16:07:54+0300 - WARNING beemapi.node MainThread : -  Retry RPC Call on node: https://api.openhive.network (1/5)

2021-05-18T16:07:54+0300 - WARNING beemapi.node MainThread : -  Retrying in 0 seconds

2021-05-18T16:07:55+0300 - WARNING beemapi.node MainThread : -  Error: Service Temporarily Unavailable
2021-05-18T16:07:55+0300 - WARNING beemapi.node MainThread : -  Retry RPC Call on node: https://api.openhive.network (1/5)

2021-05-18T16:07:55+0300 - WARNING beemapi.node MainThread : -  Retrying in 0 seconds

2021-05-18T16:07:57+0300 - WARNING beemapi.node MainThread : -  Error: Service Temporarily Unavailable
2021-05-18T16:07:57+0300 - WARNING beemapi.node MainThread : -  Retry RPC Call on node: https://api.openhive.network (1/5)

2021-05-18T16:07:57+0300 - WARNING beemapi.node MainThread : -  Retrying in 0 seconds

2021-05-18T16:07:59+0300 - WARNING beemapi.node MainThread : -  Error: Service Temporarily Unavailable
2021-05-18T16:07:59+0300 - WARNING beemapi.node MainThread : -  Retry RPC Call on node: https://api.openhive.network (1/5)

2021-05-18T16:07:59+0300 - WARNING beemapi.node MainThread : -  Retrying in 0 seconds

2021-05-18T16:08:00+0300 - WARNING beemapi.node MainThread : -  Error: Service Temporarily Unavailable
2021-05-18T16:08:00+0300 - WARNING beemapi.node MainThread : -  Retry RPC Call on node: https://api.openhive.network (1/5)

2021-05-18T16:08:00+0300 - WARNING beemapi.node MainThread : -  Retrying in 0 seconds

2021-05-18T16:08:01+0300 - INFO root MainThread : -  2021-05-18 12:53:21+00:00 - Podpings:       6 / 806 - Count: 597 - BlockNum: 53998022
2021-05-18T16:08:02+0300 - WARNING beemapi.node MainThread : -  Error: Service Temporarily Unavailable
2021-05-18T16:08:02+0300 - WARNING beemapi.node MainThread : -  Retry RPC Call on node: https://api.openhive.network (1/5)

2021-05-18T16:08:02+0300 - WARNING beemapi.node MainThread : -  Retrying in 0 seconds

2021-05-18T16:08:03+0300 - WARNING beemapi.node MainThread : -  Error: Service Temporarily Unavailable
2021-05-18T16:08:03+0300 - WARNING beemapi.node MainThread : -  Retry RPC Call on node: https://api.openhive.network (1/5)

2021-05-18T16:08:03+0300 - WARNING beemapi.node MainThread : -  Retrying in 0 seconds

2021-05-18T16:08:04+0300 - WARNING beemapi.node MainThread : -  Error: Service Temporarily Unavailable
2021-05-18T16:08:04+0300 - WARNING beemapi.node MainThread : -  Retry RPC Call on node: https://api.openhive.network (1/5)

2021-05-18T16:08:04+0300 - WARNING beemapi.node MainThread : -  Retrying in 0 seconds

2021-05-18T16:08:06+0300 - WARNING beemapi.node MainThread : -  Error: Service Temporarily Unavailable
2021-05-18T16:08:06+0300 - WARNING beemapi.node MainThread : -  Retry RPC Call on node: https://api.openhive.network (1/5)

2021-05-18T16:08:06+0300 - WARNING beemapi.node MainThread : -  Retrying in 0 seconds

2021-05-18T16:08:07+0300 - INFO root MainThread : -  2021-05-18 12:54:24+00:00 - Podpings:       7 / 813 - Count: 667 - BlockNum: 53998024
2021-05-18T16:08:07+0300 - WARNING beemapi.node MainThread : -  Error: Service Temporarily Unavailable
2021-05-18T16:08:07+0300 - WARNING beemapi.node MainThread : -  Retry RPC Call on node: https://api.openhive.network (1/5)

2021-05-18T16:08:07+0300 - WARNING beemapi.node MainThread : -  Retrying in 0 seconds

2021-05-18T16:08:09+0300 - WARNING beemapi.node MainThread : -  Error: Service Temporarily Unavailable
2021-05-18T16:08:09+0300 - WARNING beemapi.node MainThread : -  Retry RPC Call on node: https://api.openhive.network (1/5)

2021-05-18T16:08:09+0300 - WARNING beemapi.node MainThread : -  Retrying in 0 seconds

2021-05-18T16:08:10+0300 - WARNING beemapi.node MainThread : -  Error: Service Temporarily Unavailable
2021-05-18T16:08:10+0300 - WARNING beemapi.node MainThread : -  Retry RPC Call on node: https://api.openhive.network (1/5)

2021-05-18T16:08:10+0300 - WARNING beemapi.node MainThread : -  Retrying in 0 seconds

2021-05-18T16:08:12+0300 - WARNING beemapi.node MainThread : -  Error: Service Temporarily Unavailable
2021-05-18T16:08:12+0300 - WARNING beemapi.node MainThread : -  Retry RPC Call on node: https://api.openhive.network (1/5)

2021-05-18T16:08:12+0300 - WARNING beemapi.node MainThread : -  Retrying in 0 seconds

2021-05-18T16:08:15+0300 - INFO root MainThread : -  2021-05-18 12:55:27+00:00 - Podpings:       1 / 814 - Count: 610 - BlockNum: 53998026
2021-05-18T16:08:17+0300 - WARNING beemapi.node MainThread : -  Error: Service Temporarily Unavailable
2021-05-18T16:08:17+0300 - WARNING beemapi.node MainThread : -  Retry RPC Call on node: https://api.openhive.network (1/5)

2021-05-18T16:08:17+0300 - WARNING beemapi.node MainThread : -  Retrying in 0 seconds

2021-05-18T16:08:19+0300 - WARNING beemapi.node MainThread : -  Error: Service Temporarily Unavailable
2021-05-18T16:08:19+0300 - WARNING beemapi.node MainThread : -  Retry RPC Call on node: https://api.openhive.network (1/5)

2021-05-18T16:08:19+0300 - WARNING beemapi.node MainThread : -  Retrying in 0 seconds

2021-05-18T16:08:20+0300 - INFO root MainThread : -  2021-05-18 12:56:30+00:00 - Podpings:       8 / 822 - Count: 607 - BlockNum: 53998028
2021-05-18T16:08:20+0300 - WARNING beemapi.node MainThread : -  Error: Service Temporarily Unavailable
2021-05-18T16:08:20+0300 - WARNING beemapi.node MainThread : -  Retry RPC Call on node: https://api.openhive.network (1/5)

2021-05-18T16:08:20+0300 - WARNING beemapi.node MainThread : -  Retrying in 0 seconds

2021-05-18T16:08:22+0300 - WARNING beemapi.node MainThread : -  Error: Service Temporarily Unavailable
2021-05-18T16:08:22+0300 - WARNING beemapi.node MainThread : -  Retry RPC Call on node: https://api.openhive.network (1/5)

2021-05-18T16:08:22+0300 - WARNING beemapi.node MainThread : -  Retrying in 0 seconds

2021-05-18T16:08:23+0300 - WARNING beemapi.node MainThread : -  Error: Service Temporarily Unavailable
2021-05-18T16:08:23+0300 - WARNING beemapi.node MainThread : -  Retry RPC Call on node: https://api.openhive.network (1/5)

2021-05-18T16:08:23+0300 - WARNING beemapi.node MainThread : -  Retrying in 0 seconds

2021-05-18T16:08:25+0300 - WARNING beemapi.node MainThread : -  Error: Service Temporarily Unavailable
2021-05-18T16:08:25+0300 - WARNING beemapi.node MainThread : -  Retry RPC Call on node: https://api.openhive.network (1/5)

2021-05-18T16:08:25+0300 - WARNING beemapi.node MainThread : -  Retrying in 0 seconds

2021-05-18T16:08:26+0300 - WARNING beemapi.node MainThread : -  Error: Service Temporarily Unavailable
2021-05-18T16:08:26+0300 - WARNING beemapi.node MainThread : -  Retry RPC Call on node: https://api.openhive.network (1/5)

2021-05-18T16:08:26+0300 - WARNING beemapi.node MainThread : -  Retrying in 0 seconds

2021-05-18T16:08:27+0300 - INFO root MainThread : -  2021-05-18 12:57:33+00:00 - Podpings:      10 / 832 - Count: 627 - BlockNum: 53998030
2021-05-18T16:08:27+0300 - WARNING beemapi.node MainThread : -  Error: Service Temporarily Unavailable
2021-05-18T16:08:27+0300 - WARNING beemapi.node MainThread : -  Retry RPC Call on node: https://api.openhive.network (1/5)

2021-05-18T16:08:27+0300 - WARNING beemapi.node MainThread : -  Retrying in 0 seconds

2021-05-18T16:08:29+0300 - WARNING beemapi.node MainThread : -  Error: Service Temporarily Unavailable
2021-05-18T16:08:29+0300 - WARNING beemapi.node MainThread : -  Retry RPC Call on node: https://api.openhive.network (1/5)

2021-05-18T16:08:29+0300 - WARNING beemapi.node MainThread : -  Retrying in 0 seconds

2021-05-18T16:08:30+0300 - WARNING beemapi.node MainThread : -  Error: Service Temporarily Unavailable
2021-05-18T16:08:30+0300 - WARNING beemapi.node MainThread : -  Retry RPC Call on node: https://api.openhive.network (1/5)

2021-05-18T16:08:30+0300 - WARNING beemapi.node MainThread : -  Retrying in 0 seconds

2021-05-18T16:08:32+0300 - WARNING beemapi.node MainThread : -  Error: Service Temporarily Unavailable
2021-05-18T16:08:32+0300 - WARNING beemapi.node MainThread : -  Retry RPC Call on node: https://api.openhive.network (1/5)

2021-05-18T16:08:32+0300 - WARNING beemapi.node MainThread : -  Retrying in 0 seconds

2021-05-18T16:08:33+0300 - WARNING beemapi.node MainThread : -  Error: Service Temporarily Unavailable
2021-05-18T16:08:33+0300 - WARNING beemapi.node MainThread : -  Retry RPC Call on node: https://api.openhive.network (1/5)

2021-05-18T16:08:33+0300 - WARNING beemapi.node MainThread : -  Retrying in 0 seconds

2021-05-18T16:08:34+0300 - INFO root MainThread : -  2021-05-18 12:58:36+00:00 - Podpings:       7 / 839 - Count: 647 - BlockNum: 53998033
2021-05-18T16:08:35+0300 - WARNING beemapi.node MainThread : -  Error: Service Temporarily Unavailable
2021-05-18T16:08:35+0300 - WARNING beemapi.node MainThread : -  Retry RPC Call on node: https://api.openhive.network (1/5)

2021-05-18T16:08:35+0300 - WARNING beemapi.node MainThread : -  Retrying in 0 seconds

2021-05-18T16:08:36+0300 - WARNING beemapi.node MainThread : -  Error: Service Temporarily Unavailable
2021-05-18T16:08:36+0300 - WARNING beemapi.node MainThread : -  Retry RPC Call on node: https://api.openhive.network (1/5)

2021-05-18T16:08:36+0300 - WARNING beemapi.node MainThread : -  Retrying in 0 seconds

2021-05-18T16:08:38+0300 - WARNING beemapi.node MainThread : -  Error: Service Temporarily Unavailable
2021-05-18T16:08:38+0300 - WARNING beemapi.node MainThread : -  Retry RPC Call on node: https://api.openhive.network (1/5)

2021-05-18T16:08:38+0300 - WARNING beemapi.node MainThread : -  Retrying in 0 seconds

2021-05-18T16:08:39+0300 - WARNING beemapi.node MainThread : -  Error: Service Temporarily Unavailable
2021-05-18T16:08:39+0300 - WARNING beemapi.node MainThread : -  Retry RPC Call on node: https://api.openhive.network (1/5)

2021-05-18T16:08:39+0300 - WARNING beemapi.node MainThread : -  Retrying in 0 seconds

2021-05-18T16:08:40+0300 - INFO root MainThread : -  2021-05-18 12:59:39+00:00 - Podpings:       5 / 844 - Count: 614 - BlockNum: 53998035
2021-05-18T16:08:41+0300 - WARNING beemapi.node MainThread : -  Error: Service Temporarily Unavailable
2021-05-18T16:08:41+0300 - WARNING beemapi.node MainThread : -  Retry RPC Call on node: https://api.openhive.network (1/5)

2021-05-18T16:08:41+0300 - WARNING beemapi.node MainThread : -  Retrying in 0 seconds

2021-05-18T16:08:42+0300 - WARNING beemapi.node MainThread : -  Error: Service Temporarily Unavailable
2021-05-18T16:08:42+0300 - WARNING beemapi.node MainThread : -  Retry RPC Call on node: https://api.openhive.network (1/5)

2021-05-18T16:08:42+0300 - WARNING beemapi.node MainThread : -  Retrying in 0 seconds

2021-05-18T16:08:44+0300 - WARNING beemapi.node MainThread : -  Error: Service Temporarily Unavailable
2021-05-18T16:08:44+0300 - WARNING beemapi.node MainThread : -  Retry RPC Call on node: https://api.openhive.network (1/5)

2021-05-18T16:08:44+0300 - WARNING beemapi.node MainThread : -  Retrying in 0 seconds

2021-05-18T16:08:45+0300 - WARNING beemapi.node MainThread : -  Error: Service Temporarily Unavailable
2021-05-18T16:08:45+0300 - WARNING beemapi.node MainThread : -  Retry RPC Call on node: https://api.openhive.network (1/5)

2021-05-18T16:08:45+0300 - WARNING beemapi.node MainThread : -  Retrying in 0 seconds

2021-05-18T16:08:47+0300 - INFO root MainThread : -  2021-05-18 13:00:42+00:00 - Podpings:      17 / 861 - Count: 640 - BlockNum: 53998037
2021-05-18T16:08:47+0300 - WARNING beemapi.node MainThread : -  Error: Service Temporarily Unavailable
2021-05-18T16:08:47+0300 - WARNING beemapi.node MainThread : -  Retry RPC Call on node: https://api.openhive.network (1/5)

2021-05-18T16:08:47+0300 - WARNING beemapi.node MainThread : -  Retrying in 0 seconds

2021-05-18T16:08:48+0300 - WARNING beemapi.node MainThread : -  Error: Service Temporarily Unavailable
2021-05-18T16:08:48+0300 - WARNING beemapi.node MainThread : -  Retry RPC Call on node: https://api.openhive.network (1/5)

2021-05-18T16:08:48+0300 - WARNING beemapi.node MainThread : -  Retrying in 0 seconds

2021-05-18T16:08:49+0300 - WARNING beemapi.node MainThread : -  Error: Service Temporarily Unavailable
2021-05-18T16:08:49+0300 - WARNING beemapi.node MainThread : -  Retry RPC Call on node: https://api.openhive.network (1/5)

2021-05-18T16:08:49+0300 - WARNING beemapi.node MainThread : -  Retrying in 0 seconds

2021-05-18T16:08:51+0300 - WARNING beemapi.node MainThread : -  Error: Service Temporarily Unavailable
2021-05-18T16:08:51+0300 - WARNING beemapi.node MainThread : -  Retry RPC Call on node: https://api.openhive.network (1/5)

2021-05-18T16:08:51+0300 - WARNING beemapi.node MainThread : -  Retrying in 0 seconds

2021-05-18T16:08:52+0300 - WARNING beemapi.node MainThread : -  Error: Service Temporarily Unavailable
2021-05-18T16:08:52+0300 - WARNING beemapi.node MainThread : -  Retry RPC Call on node: https://api.openhive.network (1/5)

2021-05-18T16:08:52+0300 - WARNING beemapi.node MainThread : -  Retrying in 0 seconds

2021-05-18T16:08:53+0300 - INFO root MainThread : -  2021-05-18 13:01:45+00:00 - Podpings:      31 / 892 - Count: 620 - BlockNum: 53998039
2021-05-18T16:08:54+0300 - WARNING beemapi.node MainThread : -  Error: Service Temporarily Unavailable
2021-05-18T16:08:54+0300 - WARNING beemapi.node MainThread : -  Retry RPC Call on node: https://api.openhive.network (1/5)

2021-05-18T16:08:54+0300 - WARNING beemapi.node MainThread : -  Retrying in 0 seconds

2021-05-18T16:08:55+0300 - WARNING beemapi.node MainThread : -  Error: Service Temporarily Unavailable
2021-05-18T16:08:55+0300 - WARNING beemapi.node MainThread : -  Retry RPC Call on node: https://api.openhive.network (1/5)

2021-05-18T16:08:55+0300 - WARNING beemapi.node MainThread : -  Retrying in 0 seconds

2021-05-18T16:08:57+0300 - WARNING beemapi.node MainThread : -  Error: Service Temporarily Unavailable
2021-05-18T16:08:57+0300 - WARNING beemapi.node MainThread : -  Retry RPC Call on node: https://api.openhive.network (1/5)

2021-05-18T16:08:57+0300 - WARNING beemapi.node MainThread : -  Retrying in 0 seconds

2021-05-18T16:08:59+0300 - WARNING beemapi.node MainThread : -  Error: Service Temporarily Unavailable
2021-05-18T16:08:59+0300 - WARNING beemapi.node MainThread : -  Retry RPC Call on node: https://api.openhive.network (1/5)

2021-05-18T16:08:59+0300 - WARNING beemapi.node MainThread : -  Retrying in 0 seconds

2021-05-18T16:09:00+0300 - INFO root MainThread : -  2021-05-18 13:02:48+00:00 - Podpings:       5 / 897 - Count: 651 - BlockNum: 53998042
2021-05-18T16:09:00+0300 - WARNING beemapi.node MainThread : -  Error: Service Temporarily Unavailable
2021-05-18T16:09:00+0300 - WARNING beemapi.node MainThread : -  Retry RPC Call on node: https://api.openhive.network (1/5)

2021-05-18T16:09:00+0300 - WARNING beemapi.node MainThread : -  Retrying in 0 seconds

2021-05-18T16:09:01+0300 - WARNING beemapi.node MainThread : -  Error: Service Temporarily Unavailable
2021-05-18T16:09:01+0300 - WARNING beemapi.node MainThread : -  Retry RPC Call on node: https://api.openhive.network (1/5)

2021-05-18T16:09:01+0300 - WARNING beemapi.node MainThread : -  Retrying in 0 seconds

2021-05-18T16:09:03+0300 - WARNING beemapi.node MainThread : -  Error: Service Temporarily Unavailable
2021-05-18T16:09:03+0300 - WARNING beemapi.node MainThread : -  Retry RPC Call on node: https://api.openhive.network (1/5)

2021-05-18T16:09:03+0300 - WARNING beemapi.node MainThread : -  Retrying in 0 seconds

2021-05-18T16:09:04+0300 - WARNING beemapi.node MainThread : -  Error: Service Temporarily Unavailable
2021-05-18T16:09:04+0300 - WARNING beemapi.node MainThread : -  Retry RPC Call on node: https://api.openhive.network (1/5)

2021-05-18T16:09:04+0300 - WARNING beemapi.node MainThread : -  Retrying in 0 seconds

2021-05-18T16:09:06+0300 - WARNING beemapi.node MainThread : -  Error: Service Temporarily Unavailable
2021-05-18T16:09:06+0300 - WARNING beemapi.node MainThread : -  Retry RPC Call on node: https://api.openhive.network (1/5)

2021-05-18T16:09:06+0300 - WARNING beemapi.node MainThread : -  Retrying in 0 seconds

2021-05-18T16:09:07+0300 - INFO root MainThread : -  2021-05-18 13:03:51+00:00 - Podpings:       7 / 904 - Count: 622 - BlockNum: 53998044
2021-05-18T16:09:07+0300 - WARNING beemapi.node MainThread : -  Error: Service Temporarily Unavailable
2021-05-18T16:09:07+0300 - WARNING beemapi.node MainThread : -  Retry RPC Call on node: https://api.openhive.network (1/5)

2021-05-18T16:09:07+0300 - WARNING beemapi.node MainThread : -  Retrying in 0 seconds

2021-05-18T16:09:08+0300 - WARNING beemapi.node MainThread : -  Error: Service Temporarily Unavailable
2021-05-18T16:09:08+0300 - WARNING beemapi.node MainThread : -  Retry RPC Call on node: https://api.openhive.network (1/5)

2021-05-18T16:09:08+0300 - WARNING beemapi.node MainThread : -  Retrying in 0 seconds

2021-05-18T16:09:10+0300 - WARNING beemapi.node MainThread : -  Error: Service Temporarily Unavailable
2021-05-18T16:09:10+0300 - WARNING beemapi.node MainThread : -  Retry RPC Call on node: https://api.openhive.network (1/5)

2021-05-18T16:09:10+0300 - WARNING beemapi.node MainThread : -  Retrying in 0 seconds

2021-05-18T16:09:11+0300 - WARNING beemapi.node MainThread : -  Error: Service Temporarily Unavailable
2021-05-18T16:09:11+0300 - WARNING beemapi.node MainThread : -  Retry RPC Call on node: https://api.openhive.network (1/5)

2021-05-18T16:09:11+0300 - WARNING beemapi.node MainThread : -  Retrying in 0 seconds

2021-05-18T16:09:12+0300 - WARNING beemapi.node MainThread : -  Error: Service Temporarily Unavailable
2021-05-18T16:09:12+0300 - WARNING beemapi.node MainThread : -  Retry RPC Call on node: https://api.openhive.network (1/5)

2021-05-18T16:09:12+0300 - WARNING beemapi.node MainThread : -  Retrying in 0 seconds

2021-05-18T16:09:14+0300 - WARNING beemapi.node MainThread : -  Error: Service Temporarily Unavailable
2021-05-18T16:09:14+0300 - WARNING beemapi.node MainThread : -  Retry RPC Call on node: https://api.openhive.network (1/5)

2021-05-18T16:09:14+0300 - WARNING beemapi.node MainThread : -  Retrying in 0 seconds

2021-05-18T16:09:15+0300 - WARNING beemapi.node MainThread : -  Error: Service Temporarily Unavailable
2021-05-18T16:09:15+0300 - WARNING beemapi.node MainThread : -  Retry RPC Call on node: https://api.openhive.network (1/5)

2021-05-18T16:09:15+0300 - WARNING beemapi.node MainThread : -  Retrying in 0 seconds

2021-05-18T16:09:16+0300 - WARNING beemapi.node MainThread : -  Error: Service Temporarily Unavailable
2021-05-18T16:09:16+0300 - WARNING beemapi.node MainThread : -  Retry RPC Call on node: https://api.openhive.network (1/5)

2021-05-18T16:09:16+0300 - WARNING beemapi.node MainThread : -  Retrying in 0 seconds

2021-05-18T16:09:18+0300 - WARNING beemapi.node MainThread : -  Error: Service Temporarily Unavailable
2021-05-18T16:09:18+0300 - WARNING beemapi.node MainThread : -  Retry RPC Call on node: https://api.openhive.network (1/5)

2021-05-18T16:09:18+0300 - WARNING beemapi.node MainThread : -  Retrying in 0 seconds

2021-05-18T16:09:19+0300 - INFO root MainThread : -  2021-05-18 13:04:54+00:00 - Podpings:       5 / 909 - Count: 649 - BlockNum: 53998048
2021-05-18T16:09:19+0300 - WARNING beemapi.node MainThread : -  Error: Service Temporarily Unavailable
2021-05-18T16:09:19+0300 - WARNING beemapi.node MainThread : -  Retry RPC Call on node: https://api.openhive.network (1/5)

2021-05-18T16:09:19+0300 - WARNING beemapi.node MainThread : -  Retrying in 0 seconds

2021-05-18T16:09:20+0300 - WARNING beemapi.node MainThread : -  Error: Service Temporarily Unavailable
2021-05-18T16:09:20+0300 - WARNING beemapi.node MainThread : -  Retry RPC Call on node: https://api.openhive.network (1/5)

2021-05-18T16:09:20+0300 - WARNING beemapi.node MainThread : -  Retrying in 0 seconds

2021-05-18T16:09:21+0300 - WARNING beemapi.node MainThread : -  Error: Service Temporarily Unavailable
2021-05-18T16:09:21+0300 - WARNING beemapi.node MainThread : -  Retry RPC Call on node: https://api.openhive.network (1/5)

2021-05-18T16:09:21+0300 - WARNING beemapi.node MainThread : -  Retrying in 0 seconds

2021-05-18T16:09:22+0300 - WARNING beemapi.node MainThread : -  Error: Service Temporarily Unavailable
2021-05-18T16:09:22+0300 - WARNING beemapi.node MainThread : -  Retry RPC Call on node: https://api.openhive.network (1/5)

2021-05-18T16:09:22+0300 - WARNING beemapi.node MainThread : -  Retrying in 0 seconds

2021-05-18T16:09:24+0300 - WARNING beemapi.node MainThread : -  Error: Service Temporarily Unavailable
2021-05-18T16:09:24+0300 - WARNING beemapi.node MainThread : -  Retry RPC Call on node: https://api.openhive.network (1/5)

2021-05-18T16:09:24+0300 - WARNING beemapi.node MainThread : -  Retrying in 0 seconds

2021-05-18T16:09:25+0300 - WARNING beemapi.node MainThread : -  Error: Service Temporarily Unavailable
2021-05-18T16:09:25+0300 - WARNING beemapi.node MainThread : -  Retry RPC Call on node: https://api.openhive.network (1/5)

2021-05-18T16:09:25+0300 - WARNING beemapi.node MainThread : -  Retrying in 0 seconds

2021-05-18T16:09:27+0300 - WARNING beemapi.node MainThread : -  Error: Service Temporarily Unavailable
2021-05-18T16:09:27+0300 - WARNING beemapi.node MainThread : -  Retry RPC Call on node: https://api.openhive.network (1/5)

2021-05-18T16:09:27+0300 - WARNING beemapi.node MainThread : -  Retrying in 0 seconds

2021-05-18T16:09:28+0300 - WARNING beemapi.node MainThread : -  Error: Service Temporarily Unavailable
2021-05-18T16:09:28+0300 - WARNING beemapi.node MainThread : -  Retry RPC Call on node: https://api.openhive.network (1/5)

2021-05-18T16:09:28+0300 - WARNING beemapi.node MainThread : -  Retrying in 0 seconds

2021-05-18T16:09:29+0300 - WARNING beemapi.node MainThread : -  Error: Service Temporarily Unavailable
2021-05-18T16:09:29+0300 - WARNING beemapi.node MainThread : -  Retry RPC Call on node: https://api.openhive.network (1/5)

2021-05-18T16:09:29+0300 - WARNING beemapi.node MainThread : -  Retrying in 0 seconds

2021-05-18T16:09:30+0300 - WARNING beemapi.node MainThread : -  Error: Service Temporarily Unavailable
2021-05-18T16:09:30+0300 - WARNING beemapi.node MainThread : -  Retry RPC Call on node: https://api.openhive.network (1/5)

2021-05-18T16:09:30+0300 - WARNING beemapi.node MainThread : -  Retrying in 0 seconds

2021-05-18T16:09:31+0300 - WARNING beemapi.node MainThread : -  Error: Service Temporarily Unavailable
2021-05-18T16:09:31+0300 - WARNING beemapi.node MainThread : -  Retry RPC Call on node: https://api.openhive.network (1/5)

2021-05-18T16:09:31+0300 - WARNING beemapi.node MainThread : -  Retrying in 0 seconds

2021-05-18T16:09:32+0300 - INFO root MainThread : -  2021-05-18 13:05:57+00:00 - Podpings:       8 / 917 - Count: 659 - BlockNum: 53998052
2021-05-18T16:09:32+0300 - WARNING beemapi.node MainThread : -  Error: Service Temporarily Unavailable
2021-05-18T16:09:32+0300 - WARNING beemapi.node MainThread : -  Retry RPC Call on node: https://api.openhive.network (1/5)

2021-05-18T16:09:32+0300 - WARNING beemapi.node MainThread : -  Retrying in 0 seconds

2021-05-18T16:09:34+0300 - WARNING beemapi.node MainThread : -  Error: Service Temporarily Unavailable
2021-05-18T16:09:34+0300 - WARNING beemapi.node MainThread : -  Retry RPC Call on node: https://api.openhive.network (1/5)

2021-05-18T16:09:34+0300 - WARNING beemapi.node MainThread : -  Retrying in 0 seconds

2021-05-18T16:09:35+0300 - WARNING beemapi.node MainThread : -  Error: Service Temporarily Unavailable
2021-05-18T16:09:35+0300 - WARNING beemapi.node MainThread : -  Retry RPC Call on node: https://api.openhive.network (1/5)

2021-05-18T16:09:35+0300 - WARNING beemapi.node MainThread : -  Retrying in 0 seconds

2021-05-18T16:09:36+0300 - WARNING beemapi.node MainThread : -  Error: Service Temporarily Unavailable
2021-05-18T16:09:36+0300 - WARNING beemapi.node MainThread : -  Retry RPC Call on node: https://api.openhive.network (1/5)

2021-05-18T16:09:36+0300 - WARNING beemapi.node MainThread : -  Retrying in 0 seconds

2021-05-18T16:09:43+0300 - INFO root MainThread : -  2021-05-18 13:07:00+00:00 - Podpings:      12 / 929 - Count: 686 - BlockNum: 53998056
2021-05-18T16:09:44+0300 - WARNING beemapi.node MainThread : -  Error: Service Temporarily Unavailable
2021-05-18T16:09:44+0300 - WARNING beemapi.node MainThread : -  Retry RPC Call on node: https://api.openhive.network (1/5)

2021-05-18T16:09:44+0300 - WARNING beemapi.node MainThread : -  Retrying in 0 seconds

2021-05-18T16:09:45+0300 - WARNING beemapi.node MainThread : -  Error: Service Temporarily Unavailable
2021-05-18T16:09:45+0300 - WARNING beemapi.node MainThread : -  Retry RPC Call on node: https://api.openhive.network (1/5)

2021-05-18T16:09:45+0300 - WARNING beemapi.node MainThread : -  Retrying in 0 seconds

2021-05-18T16:09:47+0300 - WARNING beemapi.node MainThread : -  Error: Service Temporarily Unavailable
2021-05-18T16:09:47+0300 - WARNING beemapi.node MainThread : -  Retry RPC Call on node: https://api.openhive.network (1/5)

2021-05-18T16:09:47+0300 - WARNING beemapi.node MainThread : -  Retrying in 0 seconds

2021-05-18T16:09:48+0300 - WARNING beemapi.node MainThread : -  Error: Service Temporarily Unavailable
2021-05-18T16:09:48+0300 - WARNING beemapi.node MainThread : -  Retry RPC Call on node: https://api.openhive.network (1/5)

2021-05-18T16:09:48+0300 - WARNING beemapi.node MainThread : -  Retrying in 0 seconds

2021-05-18T16:09:49+0300 - WARNING beemapi.node MainThread : -  Error: Service Temporarily Unavailable
2021-05-18T16:09:49+0300 - WARNING beemapi.node MainThread : -  Retry RPC Call on node: https://api.openhive.network (1/5)

2021-05-18T16:09:49+0300 - WARNING beemapi.node MainThread : -  Retrying in 0 seconds

2021-05-18T16:09:51+0300 - WARNING beemapi.node MainThread : -  Error: Service Temporarily Unavailable
2021-05-18T16:09:51+0300 - WARNING beemapi.node MainThread : -  Retry RPC Call on node: https://api.openhive.network (1/5)

2021-05-18T16:09:51+0300 - WARNING beemapi.node MainThread : -  Retrying in 0 seconds

2021-05-18T16:09:52+0300 - WARNING beemapi.node MainThread : -  Error: Service Temporarily Unavailable
2021-05-18T16:09:52+0300 - WARNING beemapi.node MainThread : -  Retry RPC Call on node: https://api.openhive.network (1/5)

2021-05-18T16:09:52+0300 - WARNING beemapi.node MainThread : -  Retrying in 0 seconds

2021-05-18T16:09:53+0300 - WARNING beemapi.node MainThread : -  Error: Service Temporarily Unavailable
2021-05-18T16:09:53+0300 - WARNING beemapi.node MainThread : -  Retry RPC Call on node: https://api.openhive.network (1/5)

2021-05-18T16:09:53+0300 - WARNING beemapi.node MainThread : -  Retrying in 0 seconds

2021-05-18T16:09:54+0300 - INFO root MainThread : -  2021-05-18 13:08:03+00:00 - Podpings:       8 / 937 - Count: 586 - BlockNum: 53998060
2021-05-18T16:09:54+0300 - WARNING beemapi.node MainThread : -  Error: Service Temporarily Unavailable
2021-05-18T16:09:54+0300 - WARNING beemapi.node MainThread : -  Retry RPC Call on node: https://api.openhive.network (1/5)

2021-05-18T16:09:54+0300 - WARNING beemapi.node MainThread : -  Retrying in 0 seconds

2021-05-18T16:09:56+0300 - WARNING beemapi.node MainThread : -  Error: Service Temporarily Unavailable
2021-05-18T16:09:56+0300 - WARNING beemapi.node MainThread : -  Retry RPC Call on node: https://api.openhive.network (1/5)

2021-05-18T16:09:56+0300 - WARNING beemapi.node MainThread : -  Retrying in 0 seconds

2021-05-18T16:09:57+0300 - WARNING beemapi.node MainThread : -  Error: Service Temporarily Unavailable
2021-05-18T16:09:57+0300 - WARNING beemapi.node MainThread : -  Retry RPC Call on node: https://api.openhive.network (1/5)

2021-05-18T16:09:57+0300 - WARNING beemapi.node MainThread : -  Retrying in 0 seconds

2021-05-18T16:09:58+0300 - WARNING beemapi.node MainThread : -  Error: Service Temporarily Unavailable
2021-05-18T16:09:58+0300 - WARNING beemapi.node MainThread : -  Retry RPC Call on node: https://api.openhive.network (1/5)

2021-05-18T16:09:58+0300 - WARNING beemapi.node MainThread : -  Retrying in 0 seconds

2021-05-18T16:10:00+0300 - WARNING beemapi.node MainThread : -  Error: Service Temporarily Unavailable
2021-05-18T16:10:00+0300 - WARNING beemapi.node MainThread : -  Retry RPC Call on node: https://api.openhive.network (1/5)

2021-05-18T16:10:00+0300 - WARNING beemapi.node MainThread : -  Retrying in 0 seconds

2021-05-18T16:10:01+0300 - WARNING beemapi.node MainThread : -  Error: Service Temporarily Unavailable
2021-05-18T16:10:01+0300 - WARNING beemapi.node MainThread : -  Retry RPC Call on node: https://api.openhive.network (1/5)

2021-05-18T16:10:01+0300 - WARNING beemapi.node MainThread : -  Retrying in 0 seconds

2021-05-18T16:10:02+0300 - WARNING beemapi.node MainThread : -  Error: Service Temporarily Unavailable
2021-05-18T16:10:02+0300 - WARNING beemapi.node MainThread : -  Retry RPC Call on node: https://api.openhive.network (1/5)

2021-05-18T16:10:02+0300 - WARNING beemapi.node MainThread : -  Retrying in 0 seconds

2021-05-18T16:10:03+0300 - WARNING beemapi.node MainThread : -  Error: Service Temporarily Unavailable
2021-05-18T16:10:03+0300 - WARNING beemapi.node MainThread : -  Retry RPC Call on node: https://api.openhive.network (1/5)

2021-05-18T16:10:03+0300 - WARNING beemapi.node MainThread : -  Retrying in 0 seconds

2021-05-18T16:10:05+0300 - WARNING beemapi.node MainThread : -  Error: Service Temporarily Unavailable
2021-05-18T16:10:05+0300 - WARNING beemapi.node MainThread : -  Retry RPC Call on node: https://api.openhive.network (1/5)

2021-05-18T16:10:05+0300 - WARNING beemapi.node MainThread : -  Retrying in 0 seconds

2021-05-18T16:10:06+0300 - WARNING beemapi.node MainThread : -  Error: Service Temporarily Unavailable
2021-05-18T16:10:06+0300 - WARNING beemapi.node MainThread : -  Retry RPC Call on node: https://api.openhive.network (1/5)

2021-05-18T16:10:06+0300 - WARNING beemapi.node MainThread : -  Retrying in 0 seconds

2021-05-18T16:10:07+0300 - INFO root MainThread : -  2021-05-18 13:09:06+00:00 - Podpings:       8 / 945 - Count: 606 - BlockNum: 53998064
2021-05-18T16:10:07+0300 - WARNING beemapi.node MainThread : -  Error: Service Temporarily Unavailable
2021-05-18T16:10:07+0300 - WARNING beemapi.node MainThread : -  Retry RPC Call on node: https://api.openhive.network (1/5)

2021-05-18T16:10:07+0300 - WARNING beemapi.node MainThread : -  Retrying in 0 seconds

2021-05-18T16:10:09+0300 - WARNING beemapi.node MainThread : -  Error: Service Temporarily Unavailable
2021-05-18T16:10:09+0300 - WARNING beemapi.node MainThread : -  Retry RPC Call on node: https://api.openhive.network (1/5)

2021-05-18T16:10:09+0300 - WARNING beemapi.node MainThread : -  Retrying in 0 seconds

2021-05-18T16:10:10+0300 - WARNING beemapi.node MainThread : -  Error: Service Temporarily Unavailable
2021-05-18T16:10:10+0300 - WARNING beemapi.node MainThread : -  Retry RPC Call on node: https://api.openhive.network (1/5)

2021-05-18T16:10:10+0300 - WARNING beemapi.node MainThread : -  Retrying in 0 seconds

2021-05-18T16:10:11+0300 - WARNING beemapi.node MainThread : -  Error: Service Temporarily Unavailable
2021-05-18T16:10:11+0300 - WARNING beemapi.node MainThread : -  Retry RPC Call on node: https://api.openhive.network (1/5)

2021-05-18T16:10:11+0300 - WARNING beemapi.node MainThread : -  Retrying in 0 seconds

2021-05-18T16:10:12+0300 - WARNING beemapi.node MainThread : -  Error: Service Temporarily Unavailable
2021-05-18T16:10:12+0300 - WARNING beemapi.node MainThread : -  Retry RPC Call on node: https://api.openhive.network (1/5)

2021-05-18T16:10:12+0300 - WARNING beemapi.node MainThread : -  Retrying in 0 seconds

2021-05-18T16:10:25+0300 - INFO root MainThread : -  2021-05-18 13:10:09+00:00 - Podpings:      12 / 957 - Count: 580 - BlockNum: 53998070
2021-05-18T16:11:15+0300 - INFO root MainThread : -  2021-05-18 13:11:12+00:00 - Podpings:       3 / 960 - Count: 575 - BlockNum: 53998086
2021-05-18T16:12:15+0300 - INFO root MainThread : -  2021-05-18 13:12:15+00:00 - Podpings:      11 / 971 - Count: 602 - BlockNum: 53998107
2021-05-18T16:13:19+0300 - INFO root MainThread : -  2021-05-18 13:13:18+00:00 - Podpings:      13 / 984 - Count: 612 - BlockNum: 53998128
2021-05-18T16:14:23+0300 - INFO root MainThread : -  2021-05-18 13:14:21+00:00 - Podpings:       5 / 989 - Count: 574 - BlockNum: 53998149
2021-05-18T16:15:26+0300 - INFO root MainThread : -  2021-05-18 13:15:24+00:00 - Podpings:      12 / 1001 - Count: 599 - BlockNum: 53998170
2021-05-18T16:16:29+0300 - INFO root MainThread : -  2021-05-18 13:16:27+00:00 - Podpings:       7 / 1008 - Count: 612 - BlockNum: 53998191
2021-05-18T16:17:33+0300 - INFO root MainThread : -  2021-05-18 13:17:30+00:00 - Podpings:      10 / 1018 - Count: 610 - BlockNum: 53998212
2021-05-18T16:18:33+0300 - INFO root MainThread : -  2021-05-18 13:18:33+00:00 - Podpings:      10 / 1028 - Count: 659 - BlockNum: 53998233
2021-05-18T16:19:40+0300 - INFO root MainThread : -  2021-05-18 13:19:36+00:00 - Podpings:       6 / 1034 - Count: 585 - BlockNum: 53998255
2021-05-18T16:20:43+0300 - INFO root MainThread : -  2021-05-18 13:20:39+00:00 - Podpings:      12 / 1046 - Count: 642 - BlockNum: 53998276
2021-05-18T16:21:44+0300 - INFO root MainThread : -  2021-05-18 13:21:42+00:00 - Podpings:       5 / 1051 - Count: 650 - BlockNum: 53998296
2021-05-18T16:22:47+0300 - INFO root MainThread : -  2021-05-18 13:22:45+00:00 - Podpings:       9 / 1060 - Count: 589 - BlockNum: 53998317
2021-05-18T16:23:51+0300 - INFO root MainThread : -  2021-05-18 13:23:48+00:00 - Podpings:       6 / 1066 - Count: 616 - BlockNum: 53998338
2021-05-18T16:24:54+0300 - INFO root MainThread : -  2021-05-18 13:24:51+00:00 - Podpings:       6 / 1072 - Count: 572 - BlockNum: 53998359
2021-05-18T16:25:57+0300 - INFO root MainThread : -  2021-05-18 13:25:54+00:00 - Podpings:       4 / 1076 - Count: 596 - BlockNum: 53998381
2021-05-18T16:27:01+0300 - INFO root MainThread : -  2021-05-18 13:26:57+00:00 - Podpings:       8 / 1084 - Count: 656 - BlockNum: 53998402
2021-05-18T16:28:02+0300 - INFO root MainThread : -  2021-05-18 13:28:00+00:00 - Podpings:       7 / 1091 - Count: 553 - BlockNum: 53998422
2021-05-18T16:29:06+0300 - INFO root MainThread : -  2021-05-18 13:29:03+00:00 - Podpings:      13 / 1104 - Count: 623 - BlockNum: 53998443
2021-05-18T16:30:09+0300 - INFO root MainThread : -  2021-05-18 13:30:06+00:00 - Podpings:       7 / 1111 - Count: 681 - BlockNum: 53998465
2021-05-18T16:31:12+0300 - INFO root MainThread : -  2021-05-18 13:31:09+00:00 - Podpings:      11 / 1122 - Count: 656 - BlockNum: 53998486
2021-05-18T16:32:13+0300 - INFO root MainThread : -  2021-05-18 13:32:12+00:00 - Podpings:       5 / 1127 - Count: 615 - BlockNum: 53998506
2021-05-18T16:33:19+0300 - INFO root MainThread : -  2021-05-18 13:33:15+00:00 - Podpings:       3 / 1130 - Count: 618 - BlockNum: 53998528
2021-05-18T16:34:22+0300 - INFO root MainThread : -  2021-05-18 13:34:18+00:00 - Podpings:      10 / 1140 - Count: 591 - BlockNum: 53998548
2021-05-18T16:35:23+0300 - INFO root MainThread : -  2021-05-18 13:35:21+00:00 - Podpings:      11 / 1151 - Count: 642 - BlockNum: 53998569
2021-05-18T16:36:27+0300 - INFO root MainThread : -  2021-05-18 13:36:24+00:00 - Podpings:       7 / 1158 - Count: 667 - BlockNum: 53998590
2021-05-18T16:37:31+0300 - INFO root MainThread : -  2021-05-18 13:37:27+00:00 - Podpings:      10 / 1168 - Count: 697 - BlockNum: 53998612
