2021-05-10 13:51:52,678 INFO root MainThread : 2021-05-07 20:32:24+00:00 PodPings: 0 - Count: 2982 - Time Delta: 2 days, 14:19:28.678274
2021-05-10 13:51:53,827 INFO root MainThread : 2021-05-07 20:37:27+00:00 PodPings: 0 - Count: 2445 - Time Delta: 2 days, 14:14:26.827599
2021-05-10 13:51:54,716 INFO root MainThread : 2021-05-07 20:42:30+00:00 PodPings: 0 - Count: 2729 - Time Delta: 2 days, 14:09:24.716069
2021-05-10 13:51:55,581 INFO root MainThread : 2021-05-07 20:47:33+00:00 PodPings: 0 - Count: 2609 - Time Delta: 2 days, 14:04:22.580982
2021-05-10 13:51:56,763 INFO root MainThread : 2021-05-07 20:52:36+00:00 PodPings: 0 - Count: 2657 - Time Delta: 2 days, 13:59:20.763163
2021-05-10 13:51:57,806 INFO root MainThread : 2021-05-07 20:57:39+00:00 PodPings: 0 - Count: 2815 - Time Delta: 2 days, 13:54:18.806399
2021-05-10 13:51:58,353 INFO root MainThread : Feed Updated - 2021-05-07 20:58:33+00:00 - f0affd194524a6e0171d65d29d5c501865f0bd72 - https://feeds.transistor.fm/retail-remix
2021-05-10 13:51:58,359 INFO root MainThread : Feed Updated - 2021-05-07 20:58:42+00:00 - 618c98ab838c1b0662057ab5445db5a924f23871 - https://feeds.buzzsprout.com/901954.rss
2021-05-10 13:51:58,371 INFO root MainThread : Feed Updated - 2021-05-07 20:58:54+00:00 - b3b25fb4eef3f22786a6bda35ec72ddbae04fbe2 - https://feeds.buzzsprout.com/673345.rss
2021-05-10 13:51:58,376 INFO root MainThread : Feed Updated - 2021-05-07 20:59:00+00:00 - 5fdbacaa1599221727a93e4d5a24c99586653d18 - https://feeds.buzzsprout.com/1386325.rss
2021-05-10 13:51:58,379 INFO root MainThread : Feed Updated - 2021-05-07 20:59:03+00:00 - eb256e2aeef1d2eef0603195095ffca238833a47 - https://feeds.buzzsprout.com/193311.rss
2021-05-10 13:51:58,382 INFO root MainThread : Feed Updated - 2021-05-07 20:59:06+00:00 - 0075b7fcbd7a547a2305ac4c99e03b4fef6b2d1f - https://feeds.simplecast.com/WPKRbMz6
2021-05-10 13:51:58,405 INFO root MainThread : Feed Updated - 2021-05-07 20:59:24+00:00 - 8a5ee3e184b0e0eab496445de36b3716ce20fabf - https://feeds.transistor.fm/humans-of-martech
2021-05-10 13:51:58,426 INFO root MainThread : Feed Updated - 2021-05-07 20:59:33+00:00 - 117276b8519ff79e7a97f6dccedf1a55b5d52a42 - https://feeds.transistor.fm/anstice-acast-candid-conversations-on-modern-marketing
2021-05-10 13:51:58,449 INFO root MainThread : Feed Updated - 2021-05-07 20:59:45+00:00 - e5f54f486d8203200b0e0ce549b68ea8a837139f - https://feeds.captivate.fm/ubcnewsworld/
2021-05-10 13:51:58,454 INFO root MainThread : Feed Updated - 2021-05-07 20:59:48+00:00 - 5cac96bcf1dd3c856f9e55af730973a40c5c1d0d - https://feeds.buzzsprout.com/1537951.rss
2021-05-10 13:51:58,461 INFO root MainThread : Feed Updated - 2021-05-07 20:59:51+00:00 - c64cc0a4c842479fbb537a97f774b7018987ffcb - https://feeds.podcastmirror.com/mom-hour
2021-05-10 13:51:58,506 INFO root MainThread : Feed Updated - 2021-05-07 21:00:12+00:00 - e9801496fb0d67478bdc481384e0484f7fb895fb - https://feeds.captivate.fm/sichosspanish/
2021-05-10 13:51:58,507 INFO root MainThread : Feed Updated - 2021-05-07 21:00:12+00:00 - 2e4cd1bbdf0676673be0463262e58c7f2b16fcc7 - https://1045espn.com/category/after-further-review-demand/feed/
2021-05-10 13:51:58,516 INFO root MainThread : Feed Updated - 2021-05-07 21:00:15+00:00 - f61a4f5f395f98b50ddd2546bc45c20a8b8590ff - https://www.wsjm.com/feed/podcast/
2021-05-10 13:51:58,937 INFO root MainThread : Feed Updated - 2021-05-07 21:00:24+00:00 - 7299d7b0bea97691efea084b724d24551efcf764 - https://feeds.transistor.fm/evacast
2021-05-10 13:51:58,947 INFO root MainThread : Feed Updated - 2021-05-07 21:00:33+00:00 - 71c5c39901cfdeced544b9c64e0260aaf21f1a3f - https://rnd-update.podigee.io/feed/mp3
2021-05-10 13:51:58,966 INFO root MainThread : Feed Updated - 2021-05-07 21:01:00+00:00 - ae2b7b72811737cd0be4ce0d4580fe32ed218df6 - https://rss.whooshkaa.com/rss/podcast/id/1820
2021-05-10 13:51:58,977 INFO root MainThread : Feed Updated - 2021-05-07 21:01:09+00:00 - d8d40be0d3b676bba650ff8c0f6bd4aaea487354 - https://feeds.transistor.fm/foco
2021-05-10 13:51:58,983 INFO root MainThread : Feed Updated - 2021-05-07 21:01:15+00:00 - 5cb3a211f1216ee378ea1606350457e79e09a9e5 - https://feeds.buzzsprout.com/218790.rss
2021-05-10 13:51:58,985 INFO root MainThread : Feed Updated - 2021-05-07 21:01:18+00:00 - a9ead713f103f20e051c56961a272b4897b8f4b4 - https://www.wmfe.org/feed
2021-05-10 13:51:58,988 INFO root MainThread : Feed Updated - 2021-05-07 21:01:21+00:00 - b3bc1094778ec7b47588806fcccdb269c8b1ff4a - https://anchor.fm/s/4312b270/podcast/rss
2021-05-10 13:51:58,991 INFO root MainThread : Feed Updated - 2021-05-07 21:01:24+00:00 - 47bf6703cd1e54d6da46d7b14c04f2cb94edc73e - https://www.omnycontent.com/d/playlist/0009b167-0e82-414e-91eb-aae8011fc66d/dff2021c-3003-4e2a-8fe1-ac8700e6caa2/f31de8bb-0e94-42c1-9915-ac8700e6e535/podcast.rss
2021-05-10 13:51:59,002 INFO root MainThread : Feed Updated - 2021-05-07 21:01:36+00:00 - 3c39a88415a9c876afcc6c8c338d5da66b375aaf - https://feeds.simplecast.com/xjpdm5C9
2021-05-10 13:51:59,015 INFO root MainThread : Feed Updated - 2021-05-07 21:01:48+00:00 - 8989e9ff6895cc07987dc8caace23b59ade8db2a - https://feeds.simplecast.com/67A7XZ6C
2021-05-10 13:51:59,026 INFO root MainThread : Feed Updated - 2021-05-07 21:02:00+00:00 - e0f29fadc4c774c6331c4b262ed6d59be7678be2 - https://feeds.buzzsprout.com/1756288.rss
2021-05-10 13:51:59,029 INFO root MainThread : Feed Updated - 2021-05-07 21:02:03+00:00 - 136134e740b202ef9b23d87144d99fc6e7144bc3 - https://feeds.buzzsprout.com/1188380.rss
2021-05-10 13:51:59,038 INFO root MainThread : Feed Updated - 2021-05-07 21:02:12+00:00 - 26d758ad04f95f3e236aba17d5a90efcbc0f1c54 - https://anchor.fm/s/3d58f268/podcast/rss
2021-05-10 13:51:59,041 INFO root MainThread : Feed Updated - 2021-05-07 21:02:15+00:00 - 0e426c7ede2887dfd8813d016d984d8cf35742ce - https://feeds.buzzsprout.com/1733440.rss
2021-05-10 13:51:59,043 INFO root MainThread : Feed Updated - 2021-05-07 21:02:18+00:00 - a1b695e667f74b55efc01d57538aff4233841b44 - https://gupscorner.com/feed/podcast/
2021-05-10 13:51:59,052 INFO root MainThread : Feed Updated - 2021-05-07 21:02:30+00:00 - 844206ad66a79b47d70b88fa36e53f12f84c38ef - https://feeds.buzzsprout.com/600307.rss
2021-05-10 13:51:59,055 INFO root MainThread : Feed Updated - 2021-05-07 21:02:33+00:00 - db7b95ee8d12f930587cb92634315f25c58dde47 - https://feeds.simplecast.com/LIxXm9_w
2021-05-10 13:51:59,058 INFO root MainThread : Feed Updated - 2021-05-07 21:02:36+00:00 - 691bd0aac29ebcc3b594c58b088d03901954c477 - https://feeds.simplecast.com/ipHraFwx
2021-05-10 13:51:59,061 INFO root MainThread : Feed Updated - 2021-05-07 21:02:39+00:00 - 23400564cab3e0bcb93e5ceb9cba80081bb7cc3d - https://feeds.simplecast.com/Ofm5lAJZ
2021-05-10 13:51:59,063 INFO root MainThread : 2021-05-07 21:02:42+00:00 PodPings: 33 - Count: 2829 - Time Delta: 2 days, 13:49:17.063194
2021-05-10 13:51:59,066 INFO root MainThread : Feed Updated - 2021-05-07 21:02:45+00:00 - 634220c489fa6b47be870b20341ec7fff4016d6f - http://audioboom.com/channels/5023446.rss
2021-05-10 13:51:59,582 INFO root MainThread : Feed Updated - 2021-05-07 21:03:00+00:00 - bfd9692abb96648e7bff190aa29ff512886d7f7a - https://rss.whooshkaa.com/rss/podcast/id/1820
2021-05-10 13:51:59,586 INFO root MainThread : Feed Updated - 2021-05-07 21:03:03+00:00 - 210de811425410af74634fb045fc05d3df93f243 - https://feeds.buzzsprout.com/1636294.rss
2021-05-10 13:51:59,594 INFO root MainThread : Feed Updated - 2021-05-07 21:03:06+00:00 - c634e39171356f7321ee69964ff1708b7712a586 - https://feeds.buzzsprout.com/938884.rss
2021-05-10 13:51:59,618 INFO root MainThread : Feed Updated - 2021-05-07 21:03:21+00:00 - e7f64c56f8d17d69a255466479ba13dd67840bb4 - https://feeds.transistor.fm/friendshipping
2021-05-10 13:51:59,627 INFO root MainThread : Feed Updated - 2021-05-07 21:03:30+00:00 - 4520623721a90ac974396e2b0204ad449c9cfa09 - https://feeds.buzzsprout.com/921037.rss
2021-05-10 13:51:59,629 INFO root MainThread : Feed Updated - 2021-05-07 21:03:33+00:00 - 15c21a8280640d8a4a5de93724d4a41419780463 - https://feeds.buzzsprout.com/1721581.rss
2021-05-10 13:51:59,633 INFO root MainThread : Feed Updated - 2021-05-07 21:03:36+00:00 - 44d8061f7d91998fbe40f346e7f5fadc1f37473f - https://feeds.buzzsprout.com/921037.rss
2021-05-10 13:51:59,634 INFO root MainThread : Feed Updated - 2021-05-07 21:03:36+00:00 - e69d28cfb35c0289761267c561bd157cdc9027ce - https://feeds.transistor.fm/friendshipping
2021-05-10 13:51:59,637 INFO root MainThread : Feed Updated - 2021-05-07 21:03:39+00:00 - 54e963375f55813cefeaa94914dcf6961c0d30a0 - https://feeds.simplecast.com/bCQnsJ6z
2021-05-10 13:51:59,672 INFO root MainThread : Feed Updated - 2021-05-07 21:04:06+00:00 - 73c3ecf926d3e4c813c178afc529e0a20325e8fb - https://feeds.simplecast.com/rnfjjbza
2021-05-10 13:51:59,687 INFO root MainThread : Feed Updated - 2021-05-07 21:04:21+00:00 - 92bd183fd91ae4f3f3171321ef050a3e66938d24 - https://feeds.buzzsprout.com/1186787.rss
2021-05-10 13:51:59,699 INFO root MainThread : Feed Updated - 2021-05-07 21:04:30+00:00 - a9c6653ad5c71b97602cf17af83a19c00249f76c - https://mimcast.pl/feed/podcast/
2021-05-10 13:51:59,734 INFO root MainThread : Feed Updated - 2021-05-07 21:04:54+00:00 - fdc8b99b87aa040bfe187fcbc4dbcb8006defb05 - https://feeds.buzzsprout.com/1108187.rss
2021-05-10 13:51:59,748 INFO root MainThread : Feed Updated - 2021-05-07 21:05:06+00:00 - 239ae467825f56a5a89265823190d328122c0624 - https://feeds.captivate.fm/rabbi-e-in-3/
2021-05-10 13:52:00,201 INFO root MainThread : Feed Updated - 2021-05-07 21:05:45+00:00 - 71336967f602a917e0f0cab4142bcfa1e7bc51bb - https://feeds.transistor.fm/deliverability-defined
2021-05-10 13:52:00,209 INFO root MainThread : Feed Updated - 2021-05-07 21:05:51+00:00 - 90c468d694e91f5439704ca838ba5f68656c7d15 - https://feeds.buzzsprout.com/1163144.rss
2021-05-10 13:52:00,214 INFO root MainThread : Feed Updated - 2021-05-07 21:05:57+00:00 - 0b25bb43c539fe7d4a08fa7770245bdfcf568cf0 - https://feeds.buzzsprout.com/1437373.rss
2021-05-10 13:52:00,222 INFO root MainThread : Feed Updated - 2021-05-07 21:06:06+00:00 - 30db57639b3fd34721cd8365a880ea90118cd693 - https://feeds.simplecast.com/OzDH_At2
2021-05-10 13:52:00,225 INFO root MainThread : Feed Updated - 2021-05-07 21:06:09+00:00 - 544732d95c1e99836bd02854f2fc0c9d44405c46 - https://feeds.buzzsprout.com/952438.rss
2021-05-10 13:52:00,228 INFO root MainThread : Feed Updated - 2021-05-07 21:06:12+00:00 - a1a459b8d0557d628c000e9efdc862b2b44cf610 - https://feeds.buzzsprout.com/952438.rss
2021-05-10 13:52:00,230 INFO root MainThread : Feed Updated - 2021-05-07 21:06:15+00:00 - 3f8d97205db34da88ec9085bd156ee2182c096bd - https://feeds.buzzsprout.com/1740368.rss
2021-05-10 13:52:00,237 INFO root MainThread : Feed Updated - 2021-05-07 21:06:24+00:00 - 5de960391f8b518d3407556a2e8ef86ec7ad8a6d - https://feeds.buzzsprout.com/908677.rss
2021-05-10 13:52:00,249 INFO root MainThread : Feed Updated - 2021-05-07 21:06:36+00:00 - da9f0da9d16b353997a55846d06836bd064709e9 - https://feeds.captivate.fm/3yfuera_nfl/
2021-05-10 13:52:00,252 INFO root MainThread : Feed Updated - 2021-05-07 21:06:39+00:00 - d564ca26d0bbc2b3f6ffab0afd2c05eff9d386a5 - https://feeds.buzzsprout.com/88569.rss
2021-05-10 13:52:00,264 INFO root MainThread : Feed Updated - 2021-05-07 21:06:54+00:00 - 39e4e99f131aa6b91357c86cd0bd8a8027f3af00 - https://feeds.buzzsprout.com/552559.rss
2021-05-10 13:52:00,267 INFO root MainThread : Feed Updated - 2021-05-07 21:06:57+00:00 - bba63fa6e6a94397db0b54428fe6adc25b05455a - https://rss.whooshkaa.com/rss/podcast/id/1820
2021-05-10 13:52:00,271 INFO root MainThread : Feed Updated - 2021-05-07 21:07:00+00:00 - 89f1d909147b08f7c491405041c7b8f0f18c4693 - https://feeds.transistor.fm/sem-precedentes
2021-05-10 13:52:00,288 INFO root MainThread : Feed Updated - 2021-05-07 21:07:18+00:00 - fd3c24f740ecb47572f6ddc98041e942a2950f1c - https://feeds.transistor.fm/sem-precedentes
2021-05-10 13:52:00,291 INFO root MainThread : Feed Updated - 2021-05-07 21:07:21+00:00 - ac3aace65010594d986be9e03001769316ddbf2d - https://feeds.transistor.fm/flix-and-a-six
2021-05-10 13:52:00,294 INFO root MainThread : Feed Updated - 2021-05-07 21:07:24+00:00 - 50decb852e08c8d7cde890cd7f52248d90677cc2 - https://thematakt.podigee.io/feed/mp3
2021-05-10 13:52:00,303 INFO root MainThread : Feed Updated - 2021-05-07 21:07:33+00:00 - 23fb1535ad140ba570e1ee423066ed338e574a7d - https://audioboom.com/channels/5041524.rss
2021-05-10 13:52:00,315 INFO root MainThread : 2021-05-07 21:07:45+00:00 PodPings: 32 - Count: 2775 - Time Delta: 2 days, 13:44:15.315499
2021-05-10 13:52:00,316 INFO root MainThread : Feed Updated - 2021-05-07 21:07:45+00:00 - f16639a3d7ce93bdbd7d5070b63d8bddc31687d8 - https://feeds.transistor.fm/flix-and-a-six
2021-05-10 13:52:00,776 INFO root MainThread : Feed Updated - 2021-05-07 21:07:54+00:00 - 12f288e3b5a7722ab165c7bb58458a2785910d4e - https://feeds.buzzsprout.com/1566737.rss
2021-05-10 13:52:00,785 INFO root MainThread : Feed Updated - 2021-05-07 21:08:06+00:00 - c32e95ad956f2d033a29b0c11ffdeb75ef727071 - https://feeds.simplecast.com/GA0IrJQO
2021-05-10 13:52:00,791 INFO root MainThread : Feed Updated - 2021-05-07 21:08:12+00:00 - 8fb914c0853a51e2f273a0a33cf160ad21bff25b - https://audioboom.com/channels/3270305.rss
2021-05-10 13:52:00,807 INFO root MainThread : Feed Updated - 2021-05-07 21:08:30+00:00 - 95f79ce7454b89043ddedecf26c42b84effd260a - https://feeds.buzzsprout.com/202128.rss
2021-05-10 13:52:00,812 INFO root MainThread : Feed Updated - 2021-05-07 21:08:36+00:00 - f7b243b0c71d817f08b552ea0b64608a0d355d5b - https://feeds.simplecast.com/ZwbnTdFP
2021-05-10 13:52:00,820 INFO root MainThread : Feed Updated - 2021-05-07 21:08:45+00:00 - f47bfd0b76d5ec8f2c5614e257fcf51684e5e4d1 - https://feeds.podcastmirror.com/mccarthy-report
2021-05-10 13:52:00,827 INFO root MainThread : Feed Updated - 2021-05-07 21:08:51+00:00 - c6b9ed6ca147792393b8d228b16f012303d83e30 - https://feeds.captivate.fm/cover-fire-podcast/
2021-05-10 13:52:00,837 INFO root MainThread : Feed Updated - 2021-05-07 21:08:57+00:00 - 030090dd40e9f6851a8111710141b5cb4cd83687 - https://rss.whooshkaa.com/rss/podcast/id/8209
2021-05-10 13:52:00,847 INFO root MainThread : Feed Updated - 2021-05-07 21:09:06+00:00 - ed397040823938194b816d81198a52be6fbdd608 - https://feeds.simplecast.com/WPKRbMz6
2021-05-10 13:52:00,852 INFO root MainThread : Feed Updated - 2021-05-07 21:09:12+00:00 - 2d0177fc1f2d029f5dbc4aa9f2ff97c7f821ad2a - https://feeds.buzzsprout.com/921037.rss
2021-05-10 13:52:00,859 INFO root MainThread : Feed Updated - 2021-05-07 21:09:21+00:00 - af827f7a01f863e0122a512b50fb9fec13f3cd85 - https://feeds.buzzsprout.com/924406.rss
2021-05-10 13:52:00,876 INFO root MainThread : Feed Updated - 2021-05-07 21:09:42+00:00 - 4644faf3919e56da74e85cea7b24786004b966a0 - https://podcast.sportsnet.ca/shows/scott-rintoul/feed/podcast/
2021-05-10 13:52:00,882 INFO root MainThread : Feed Updated - 2021-05-07 21:09:48+00:00 - 2479ae8406944df7b780c4ede10fbcc288808a7c - https://anchor.fm/s/3c7b177c/podcast/rss
2021-05-10 13:52:00,891 INFO root MainThread : Feed Updated - 2021-05-07 21:09:57+00:00 - 87ef8f5125b517212f051cce9da3953edf1de674 - https://feeds.buzzsprout.com/1181729.rss
2021-05-10 13:52:00,892 INFO root MainThread : Feed Updated - 2021-05-07 21:09:57+00:00 - c3bf93ddd19a6f51783c71397cd614e0e82c8c22 - https://feeds.transistor.fm/mode-fm-podcasts
2021-05-10 13:52:01,326 INFO root MainThread : Feed Updated - 2021-05-07 21:10:21+00:00 - a053d481cf5219dd4e0c402716a64ac48b0c61e2 - https://feeds.buzzsprout.com/1389943.rss
2021-05-10 13:52:01,335 INFO root MainThread : Feed Updated - 2021-05-07 21:10:30+00:00 - 5f042f1710f65be3c0200d57f1c9cbf241c9918a - https://feeds.transistor.fm/korean-american-parenting-podcast
2021-05-10 13:52:01,338 INFO root MainThread : Feed Updated - 2021-05-07 21:10:33+00:00 - 782727fed302b72bb4cf8ee5a935bd5a7d75f45d - https://feeds.buzzsprout.com/1174889.rss
2021-05-10 13:52:01,345 INFO root MainThread : Feed Updated - 2021-05-07 21:10:36+00:00 - 544177f0d595c93493a1aac9aa173b033b769a8b - https://feeds.simplecast.com/_HNyyKLA
2021-05-10 13:52:01,360 INFO root MainThread : Feed Updated - 2021-05-07 21:10:48+00:00 - f6c0171b802904a29596134e3953ac1e14a6e21f - https://www.peoplespharmacy.com/feed/podcast
2021-05-10 13:52:01,387 INFO root MainThread : Feed Updated - 2021-05-07 21:11:09+00:00 - 485f9bad2057ffd2f50f44bdcc326dfada4948d6 - https://feeds.buzzsprout.com/1663318.rss
2021-05-10 13:52:01,394 INFO root MainThread : Feed Updated - 2021-05-07 21:11:15+00:00 - d0662404d961ce5b98b775e5a20f9d08c7d8bbc3 - https://feeds.buzzsprout.com/782174.rss
2021-05-10 13:52:01,412 INFO root MainThread : Feed Updated - 2021-05-07 21:11:33+00:00 - 6b0db79d72a3c1c7df18a304bbd9a496ae88c274 - https://feeds.simplecast.com/S2TGBmR8
2021-05-10 13:52:01,415 INFO root MainThread : Feed Updated - 2021-05-07 21:11:36+00:00 - 84b6e2757aa5f97b5028c6241221e5e4bb1a5a04 - https://www.republicbroadcastingarchives.org/category/michael-rivero/feed/podcast/
2021-05-10 13:52:01,457 INFO root MainThread : Feed Updated - 2021-05-07 21:12:15+00:00 - 32008dc81fd8dce6b41757a4ceca3193e34309ad - https://feeds.transistor.fm/nostalgia-entertainment-system
